
 Thu, 29 Oct 2020 15:09:34 GMT

MAKE:
make[1]: Vstupuje se do adresáře „/home/dundee/work/pybenchmarks/bencher/tmp/binarytrees/tmp“
cp binarytrees.cython `echo binarytrees.cython | sed 's/cython-..//' | sed 's/.cython//'`.pyx
cythonize -3 -bi `echo binarytrees.cython | sed 's/cython-..//' | sed 's/.cython//'`.pyx
/bin/sh: cythonize: příkaz nenalezen
make[1]: *** [/home/dundee/work/pybenchmarks/bencher/makefiles/my.linux.Makefile:21: binarytrees.cython_run] Chyba 127
make[1]: Opouští se adresář „/home/dundee/work/pybenchmarks/bencher/tmp/binarytrees/tmp“
0.02s to complete and log all make actions

COMMAND LINE:
 /usr/bin/python3 -c "import binarytrees" 14

PROGRAM FAILED 


PROGRAM OUTPUT:

Traceback (most recent call last):
  File "<string>", line 1, in <module>
ModuleNotFoundError: No module named 'binarytrees'
