
Fri, 25 Oct 2019 13:25:56 GMT

COMMAND LINE:
/usr/bin/rustpython binarytrees.rustpython-6.rustpython 14

PROGRAM FAILED 


PROGRAM OUTPUT:
Traceback (most recent call last):
  File "binarytrees.rustpython-6.rustpython", line 7, in <module>
    from __future__ import print_function
ModuleNotFoundError: No module named '__future__'
