
Sun, 27 Oct 2013 23:28:00 GMT

MAKE:
/usr/bin/g++ -c -pipe -O3 -fomit-frame-pointer -march=native  -pthread fannkuchredux.gpp-5.c++ -o fannkuchredux.gpp-5.c++.o &&  \
        /usr/bin/g++ fannkuchredux.gpp-5.c++.o -o fannkuchredux.gpp-5.gpp_run -lpthread -lboost_thread 
/usr/bin/ld: fannkuchredux.gpp-5.c++.o: undefined reference to symbol '_ZN5boost6system15system_categoryEv'
/usr/lib/x86_64-linux-gnu/libboost_system.so.1.53.0: error adding symbols: DSO missing from command line
collect2: error: ld returned 1 exit status
make: [fannkuchredux.gpp-5.gpp_run] Error 1 (ignored)
rm fannkuchredux.gpp-5.c++
4.04s to complete and log all make actions

COMMAND LINE:
./fannkuchredux.gpp-5.gpp_run 10

MAKE ERROR 

