
 Mon, 20 Sep 2021 14:47:55 GMT

COMMAND LINE:
 /usr/bin/pyston fannkuchredux.pyston 10

PROGRAM FAILED 


PROGRAM OUTPUT:

Traceback (most recent call last):
  File "fannkuchredux.pyston", line 93, in <module>
    main()
  File "fannkuchredux.pyston", line 80, in main
    parms =  [(length,i,i+index_step) for i in xrange(0,index_max,index_step) ]
NameError: name 'xrange' is not defined
