
 Thu, 06 May 2021 22:08:43 GMT

COMMAND LINE:
 /usr/lib/jvm/java-8-graalvm/bin/graalpython fasta.graal-5.graal 2500000

PROGRAM FAILED 


PROGRAM OUTPUT:

Traceback (most recent call last):
  File "/home/dundee/work/pybenchmarks/bencher/programs/fasta/fasta.python3-5.python3", line 210, in <module 'fasta.python3-5.python3'>
    fasta(int(argv[1]))
  File "/home/dundee/work/pybenchmarks/bencher/programs/fasta/fasta.python3-5.python3", line 176, in fasta
    seed = RawValue('f', 42)
  File "/usr/lib/jvm/java-8-graalvm/jre/languages/python/lib-python/3/multiprocessing/context.py", line 124, in RawValue
    from .sharedctypes import RawValue
  File "/usr/lib/jvm/java-8-graalvm/jre/languages/python/lib-python/3/multiprocessing/sharedctypes.py", line 26, in <module 'sharedctypes.py'>
    'c': ctypes.c_char,     'u': ctypes.c_wchar,
AttributeError: module 'ctypes' has no attribute 'c_wchar'
