
Thu, 13 Jul 2017 12:41:57 GMT

COMMAND LINE:
/opt/anaconda/bin/python fasta.numba-5.numba 2500000

PROGRAM FAILED 


PROGRAM OUTPUT:

Traceback (most recent call last):
  File "fasta.numba-5.numba", line 226, in <module>
    fasta(int(argv[1]))
  File "/opt/anaconda/lib/python3.6/site-packages/numba/dispatcher.py", line 307, in _compile_for_args
    return self.compile(tuple(argtypes))
  File "/opt/anaconda/lib/python3.6/site-packages/numba/dispatcher.py", line 579, in compile
    cres = self._compiler.compile(args, return_type)
  File "/opt/anaconda/lib/python3.6/site-packages/numba/dispatcher.py", line 80, in compile
    flags=flags, locals=self.locals)
  File "/opt/anaconda/lib/python3.6/site-packages/numba/compiler.py", line 740, in compile_extra
    return pipeline.compile_extra(func)
  File "/opt/anaconda/lib/python3.6/site-packages/numba/compiler.py", line 360, in compile_extra
    return self._compile_bytecode()
  File "/opt/anaconda/lib/python3.6/site-packages/numba/compiler.py", line 699, in _compile_bytecode
    return self._compile_core()
  File "/opt/anaconda/lib/python3.6/site-packages/numba/compiler.py", line 686, in _compile_core
    res = pm.run(self.status)
  File "/opt/anaconda/lib/python3.6/site-packages/numba/compiler.py", line 246, in run
    raise patched_exception
  File "/opt/anaconda/lib/python3.6/site-packages/numba/compiler.py", line 238, in run
    stage()
  File "/opt/anaconda/lib/python3.6/site-packages/numba/compiler.py", line 431, in stage_objectmode_frontend
    cres = self.frontend_looplift()
  File "/opt/anaconda/lib/python3.6/site-packages/numba/compiler.py", line 411, in frontend_looplift
    flags=loop_flags)
  File "/opt/anaconda/lib/python3.6/site-packages/numba/transforms.py", line 187, in loop_lifting
    cfg = compute_cfg_from_blocks(blocks)
  File "/opt/anaconda/lib/python3.6/site-packages/numba/analysis.py", line 213, in compute_cfg_from_blocks
    cfg.add_edge(k, target)
  File "/opt/anaconda/lib/python3.6/site-packages/numba/controlflow.py", line 83, in add_edge
    assert dest in self._nodes
AssertionError: Failed at object (object mode frontend)

