
Mon, 15 Oct 2018 12:51:03 GMT

MAKE:
make[1]: Vstupuje se do adresáře „/home/dundee/workspace/benchmarksgame/bencher/tmp/fasta/tmp“
nuitka3 --remove-output fasta.nuitka-4.nuitka
cp fasta.nuitka-4.nuitka.bin fasta.nuitka-4.nuitka_run
make[1]: Opouští se adresář „/home/dundee/workspace/benchmarksgame/bencher/tmp/fasta/tmp“
3.00s to complete and log all make actions

COMMAND LINE:
./fasta.nuitka-4.nuitka_run 2500000

PROGRAM FAILED 


PROGRAM OUTPUT:
>ONE Homo sapiens alu

Traceback (most recent call last):
  File "/home/dundee/workspace/benchmarksgame/bencher/tmp/fasta/tmp/fasta.nuitka-4.nuitka", line 138, in <module>
    main()
  File "/home/dundee/workspace/benchmarksgame/bencher/tmp/fasta/tmp/fasta.nuitka-4.nuitka", line 127, in main
    repeat_fasta(alu, n * 2)
  File "/home/dundee/workspace/benchmarksgame/bencher/tmp/fasta/tmp/fasta.nuitka-4.nuitka", line 52, in repeat_fasta
    s = bytearray(ss, encoding='utf8')
TypeError: bytearray() takes no keyword arguments
