
Fri, 25 Oct 2019 13:30:57 GMT

COMMAND LINE:
/usr/bin/rustpython fastaredux.rustpython-6.rustpython 2500000

PROGRAM FAILED 


PROGRAM OUTPUT:
Traceback (most recent call last):
  File "fastaredux.rustpython-6.rustpython", line 11, in <module>
    import sys, bisect, array
ModuleNotFoundError: No module named 'bisect'
