
Wed, 22 Jan 2020 18:19:51 GMT

COMMAND LINE:
/usr/lib/jvm/java-8-graalvm/bin/graalpython fasta.graal-4.graal 2500000

PROGRAM FAILED 


PROGRAM OUTPUT:

Please note: This Python implementation is in the very early stages, and can run little more than basic benchmarks at this point.
Traceback (most recent call last):
  File "/home/dundee/workspace/benchmarksgame/bencher/programs/fasta/fasta.python3-4.python3", line 138, in <module 'fasta.python3-4.python3'>
    main()
  File "/home/dundee/workspace/benchmarksgame/bencher/programs/fasta/fasta.python3-4.python3", line 127, in main
    repeat_fasta(alu, n * 2)
  File "/home/dundee/workspace/benchmarksgame/bencher/programs/fasta/fasta.python3-4.python3", line 52, in repeat_fasta
    s = bytearray(ss, encoding='utf8')
TypeError: got an unexpected keyword argument 'encoding'
