
 Wed, 17 Jun 2020 23:57:45 GMT

COMMAND LINE:
 /usr/bin/rustpython fastaredux.rustpython 2500000

PROGRAM FAILED 


PROGRAM OUTPUT:
Traceback (most recent call last):
  File "fastaredux.rustpython", line 12, in <module>
    import sys, bisect, array
ModuleNotFoundError: No module named 'bisect'
