
Fri, 25 Oct 2019 13:31:54 GMT

COMMAND LINE:
/usr/bin/rustpython knucleotide.rustpython-3.rustpython 0 < knucleotide-input10000.txt

PROGRAM FAILED 


PROGRAM OUTPUT:
Traceback (most recent call last):
  File "knucleotide.rustpython-3.rustpython", line 6, in <module>
    from os import cpu_count
ModuleNotFoundError: No module named 'os'
