
 Fri, 30 Oct 2020 19:32:52 GMT

COMMAND LINE:
 /usr/bin/rustpython knucleotide.rustpython-2.rustpython 0 < knucleotide-input10000.txt

PROGRAM FAILED 


PROGRAM OUTPUT:

Traceback (most recent call last):
  File "knucleotide.rustpython-2.rustpython", line 10, in <module>
    from collections import defaultdict
ModuleNotFoundError: No module named 'collections'
