
 Tue, 06 Oct 2020 16:57:39 GMT

MAKE:
make[1]: Vstupuje se do adresáře „/home/dundee/workspace/benchmarksgame/bencher/tmp/meteor/tmp“
cp meteor.shedskin-3.shedskin shed.py
shedskin shed.py
*** SHED SKIN Python-to-C++ Compiler 0.9.4 ***
Copyright 2005-2011 Mark Dufour; License GNU GPL version 3 (See LICENSE)

[analyzing types..]

0% 
*****16% 
*********************66% 
*********************66% 
*********************66% 
********************************100% 
********************************100% 
********************************100%
[generating c++ code..]
*WARNING* shed.py: Variable 'board' has dynamic (sub)type: {int, list}
*WARNING* shed.py: Variable 'cti' has dynamic (sub)type: {int, list}
*WARNING* shed.py: Variable 'fps' has dynamic (sub)type: {int, list}
*WARNING* shed.py: Variable 'pieces' has dynamic (sub)type: {int, list}
*WARNING* shed.py: Variable 'se_nh' has dynamic (sub)type: {int, list}
*WARNING* shed.py: Variable (Function get_footprints, 'board') has dynamic (sub)type: {int, list}
*WARNING* shed.py: Variable (Function get_footprints, 'c') has dynamic (sub)type: {int, list}
*WARNING* shed.py: Variable (Function get_footprints, 'cti') has dynamic (sub)type: {int, list}
*WARNING* shed.py: Variable (Function get_footprints, 'fp') has dynamic (sub)type: {int, list}
*WARNING* shed.py: Variable (Function get_footprints, 'fps') has dynamic (sub)type: {int, list}
*WARNING* shed.py: Variable (Function get_footprints, 'p') has dynamic (sub)type: {int, list}
*WARNING* shed.py: Variable (Function get_footprints, 'pieces') has dynamic (sub)type: {int, list}
*WARNING* shed.py: Variable (Function get_senh, 'board') has dynamic (sub)type: {int, list}
*WARNING* shed.py: Variable (Function get_senh, 'c') has dynamic (sub)type: {int, list}
*WARNING* shed.py: Variable (Function get_senh, 'cti') has dynamic (sub)type: {int, list}
*WARNING* shed.py: Variable (Function get_senh, 'se_nh') has dynamic (sub)type: {int, list}
*WARNING* shed.py: Variable (Function solve, 'ci') has dynamic (sub)type: {int, list}
*WARNING* shed.py: Variable (Function solve, 'fp') has dynamic (sub)type: {int, list}
*WARNING* shed.py: Variable (Function solve, 'fp_cands') has dynamic (sub)type: {int, list}
*WARNING* shed.py: Variable (Function solve, 'fp_i_cands') has dynamic (sub)type: {int, list}
*WARNING* shed.py: Variable (Function solve, 'fps') has dynamic (sub)type: {int, list}
*WARNING* shed.py: Variable (Function solve, 'se_nh') has dynamic (sub)type: {int, list}
*WARNING* shed.py: expression has dynamic (sub)type: {int, list}
*WARNING* shed.py:46: expression has dynamic (sub)type: {int, list}
*WARNING* shed.py:48: expression has dynamic (sub)type: {int, list}
*WARNING* shed.py:49: expression has dynamic (sub)type: {int, list}
*WARNING* shed.py:50: expression has dynamic (sub)type: {int, list}
*WARNING* shed.py:51: expression has dynamic (sub)type: {int, list}
*WARNING* shed.py:52: expression has dynamic (sub)type: {int, list}
*WARNING* shed.py:53: expression has dynamic (sub)type: {int, list}
*WARNING* shed.py:54: expression has dynamic (sub)type: {int, list}
*WARNING* shed.py:55: expression has dynamic (sub)type: {int, list}
*WARNING* shed.py:58: expression has dynamic (sub)type: {int, list}
*WARNING* shed.py:60: expression has dynamic (sub)type: {int, list}
*WARNING* shed.py:62: expression has dynamic (sub)type: {int, list}
*WARNING* shed.py:63: expression has dynamic (sub)type: {int, list}
*WARNING* shed.py:64: expression has dynamic (sub)type: {int, list}
*WARNING* shed.py:67: expression has dynamic (sub)type: {int, list}
*WARNING* shed.py:85: expression has dynamic (sub)type: {int, list}
*WARNING* shed.py:85: tuple with length > 2 and different types of elements
*WARNING* shed.py:99: expression has dynamic (sub)type: {int, list}
*WARNING* shed.py:100: expression has dynamic (sub)type: {int, list}
*WARNING* shed.py:101: expression has dynamic (sub)type: {int, list}
*WARNING* shed.py:105: expression has dynamic (sub)type: {int, list}
*WARNING* shed.py:107: expression has dynamic (sub)type: {int, list}
*WARNING* shed.py:109: expression has dynamic (sub)type: {int, list}
*WARNING* shed.py:110: expression has dynamic (sub)type: {int, list}
*WARNING* shed.py:111: expression has dynamic (sub)type: {int, list}
*WARNING* shed.py:113: expression has dynamic (sub)type: {int, list}
*WARNING* shed.py:114: expression has dynamic (sub)type: {int, list}
*WARNING* shed.py:116: expression has dynamic (sub)type: {int, list}
*WARNING* shed.py:118: expression has dynamic (sub)type: {int, list}
*WARNING* shed.py:136: expression has dynamic (sub)type: {int, list}
*WARNING* shed.py:137: expression has dynamic (sub)type: {int, list}
*WARNING* shed.py:138: expression has dynamic (sub)type: {int, list}
[elapsed time: 13.37 seconds]
make
make[2]: Vstupuje se do adresáře „/home/dundee/workspace/benchmarksgame/bencher/tmp/meteor/tmp“
g++  -O2 -march=native -Wno-deprecated  -I. -I/usr/lib/python2.7/site-packages/shedskin/lib /home/dundee/workspace/benchmarksgame/bencher/tmp/meteor/tmp/shed.cpp /usr/lib/python2.7/site-packages/shedskin/lib/sys.cpp /usr/lib/python2.7/site-packages/shedskin/lib/re.cpp /usr/lib/python2.7/site-packages/shedskin/lib/builtin.cpp /usr/lib/python2.7/site-packages/shedskin/lib/bisect.cpp -lgc -lpcre  -o shed
In file included from /usr/lib/python2.7/site-packages/shedskin/lib/builtin.hpp:1216,
                 from /home/dundee/workspace/benchmarksgame/bencher/tmp/meteor/tmp/shed.cpp:1:
/usr/lib/python2.7/site-packages/shedskin/lib/builtin/complex.hpp: In member function ‘__shedskin__::complex& __shedskin__::complex::operator=(double)’:
/usr/lib/python2.7/site-packages/shedskin/lib/builtin/complex.hpp:72:1: warning: no return statement in function returning non-void [-Wreturn-type]
   71 |     imag = 0.0;
  +++ |+    return *this;
   72 | }
      | ^
/usr/lib/python2.7/site-packages/shedskin/lib/builtin/complex.hpp: In function ‘__shedskin__::__ss_int __shedskin__::__cmp(T, T) [with T = __shedskin__::complex; __shedskin__::__ss_int = int]’:
/usr/lib/python2.7/site-packages/shedskin/lib/builtin/complex.hpp:107:57: warning: no return statement in function returning non-void [-Wreturn-type]
  107 | template<> inline __ss_int __cmp(complex a, complex b) {} /* unused, satisfy templates */
      |                                                         ^
/usr/lib/python2.7/site-packages/shedskin/lib/builtin/complex.hpp: In function ‘__shedskin__::__ss_bool __shedskin__::__gt(T, T) [with T = __shedskin__::complex]’:
/usr/lib/python2.7/site-packages/shedskin/lib/builtin/complex.hpp:108:57: warning: no return statement in function returning non-void [-Wreturn-type]
  108 | template<> inline __ss_bool __gt(complex a, complex b) {}
      |                                                         ^
/usr/lib/python2.7/site-packages/shedskin/lib/builtin/complex.hpp: In function ‘__shedskin__::__ss_bool __shedskin__::__ge(T, T) [with T = __shedskin__::complex]’:
/usr/lib/python2.7/site-packages/shedskin/lib/builtin/complex.hpp:109:57: warning: no return statement in function returning non-void [-Wreturn-type]
  109 | template<> inline __ss_bool __ge(complex a, complex b) {}
      |                                                         ^
/usr/lib/python2.7/site-packages/shedskin/lib/builtin/complex.hpp: In function ‘__shedskin__::__ss_bool __shedskin__::__lt(T, T) [with T = __shedskin__::complex]’:
/usr/lib/python2.7/site-packages/shedskin/lib/builtin/complex.hpp:110:57: warning: no return statement in function returning non-void [-Wreturn-type]
  110 | template<> inline __ss_bool __lt(complex a, complex b) {}
      |                                                         ^
/usr/lib/python2.7/site-packages/shedskin/lib/builtin/complex.hpp: In function ‘__shedskin__::__ss_bool __shedskin__::__le(T, T) [with T = __shedskin__::complex]’:
/usr/lib/python2.7/site-packages/shedskin/lib/builtin/complex.hpp:111:57: warning: no return statement in function returning non-void [-Wreturn-type]
  111 | template<> inline __ss_bool __le(complex a, complex b) {}
      |                                                         ^
/home/dundee/workspace/benchmarksgame/bencher/tmp/meteor/tmp/shed.cpp: In function ‘__shedskin__::list<__shedskin__::list<__shedskin__::set<__shedskin__::list<__shedskin__::list<int>*>*>*>*>* __shed__::list_comp_2(__shedskin__::pyiter<__shedskin__::list<__shedskin__::list<int>*>*>*)’:
/home/dundee/workspace/benchmarksgame/bencher/tmp/meteor/tmp/shed.cpp:138:30: error: cannot convert ‘__shedskin__::list<__shedskin__::set<int>*>*’ to ‘__shedskin__::list<__shedskin__::set<__shedskin__::list<__shedskin__::list<int>*>*>*>*’
  138 |         __ss_result->append((new list<set<__ss_int> *>()));
      |                             ~^~~~~~~~~~~~~~~~~~~~~~~~~~~~
      |                              |
      |                              __shedskin__::list<__shedskin__::set<int>*>*
In file included from /usr/lib/python2.7/site-packages/shedskin/lib/builtin.hpp:1207,
                 from /home/dundee/workspace/benchmarksgame/bencher/tmp/meteor/tmp/shed.cpp:1:
/usr/lib/python2.7/site-packages/shedskin/lib/builtin/list.hpp:96:43: note:   initializing argument 1 of ‘void* __shedskin__::list<T>::append(T) [with T = __shedskin__::list<__shedskin__::set<__shedskin__::list<__shedskin__::list<int>*>*>*>*]’
   96 | template<class T> void *list<T>::append(T a) {
      |                                         ~~^
/home/dundee/workspace/benchmarksgame/bencher/tmp/meteor/tmp/shed.cpp: In member function ‘virtual __shedskin__::list<__shedskin__::list<int>*>* __shed__::list_comp_4::__get_next()’:
/home/dundee/workspace/benchmarksgame/bencher/tmp/meteor/tmp/shed.cpp:168:46: error: invalid conversion from ‘__shedskin__::__ss_int’ {aka ‘int’} to ‘__shedskin__::list<__shedskin__::list<int>*>*’ [-fpermissive]
  168 |         if ((cti)->__contains__((c)->__add__(o))) {
      |                                              ^
      |                                              |
      |                                              __shedskin__::__ss_int {aka int}
In file included from /usr/lib/python2.7/site-packages/shedskin/lib/builtin.hpp:1207,
                 from /home/dundee/workspace/benchmarksgame/bencher/tmp/meteor/tmp/shed.cpp:1:
/usr/lib/python2.7/site-packages/shedskin/lib/builtin/list.hpp:258:54: note:   initializing argument 1 of ‘__shedskin__::list<T>* __shedskin__::list<T>::__add__(__shedskin__::list<T>*) [with T = __shedskin__::list<int>*]’
  258 | template<class T> list<T> *list<T>::__add__(list<T> *b) {
      |                                             ~~~~~~~~~^
/home/dundee/workspace/benchmarksgame/bencher/tmp/meteor/tmp/shed.cpp:169:29: error: ‘class __shedskin__::pyiter<__shedskin__::list<__shedskin__::list<int>*>*>’ has no member named ‘__getitem__’; did you mean ‘__iter__’?
  169 |             __result = cti->__getitem__((c)->__add__(o));
      |                             ^~~~~~~~~~~
      |                             __iter__
/home/dundee/workspace/benchmarksgame/bencher/tmp/meteor/tmp/shed.cpp:169:54: error: invalid conversion from ‘__shedskin__::__ss_int’ {aka ‘int’} to ‘__shedskin__::list<__shedskin__::list<int>*>*’ [-fpermissive]
  169 |             __result = cti->__getitem__((c)->__add__(o));
      |                                                      ^
      |                                                      |
      |                                                      __shedskin__::__ss_int {aka int}
In file included from /usr/lib/python2.7/site-packages/shedskin/lib/builtin.hpp:1207,
                 from /home/dundee/workspace/benchmarksgame/bencher/tmp/meteor/tmp/shed.cpp:1:
/usr/lib/python2.7/site-packages/shedskin/lib/builtin/list.hpp:258:54: note:   initializing argument 1 of ‘__shedskin__::list<T>* __shedskin__::list<T>::__add__(__shedskin__::list<T>*) [with T = __shedskin__::list<int>*]’
  258 | template<class T> list<T> *list<T>::__add__(list<T> *b) {
      |                                             ~~~~~~~~~^
/home/dundee/workspace/benchmarksgame/bencher/tmp/meteor/tmp/shed.cpp: In member function ‘virtual __shedskin__::list<__shedskin__::list<int>*>* __shed__::list_comp_5::__get_next()’:
/home/dundee/workspace/benchmarksgame/bencher/tmp/meteor/tmp/shed.cpp:190:46: error: invalid conversion from ‘__shedskin__::__ss_int’ {aka ‘int’} to ‘__shedskin__::list<__shedskin__::list<int>*>*’ [-fpermissive]
  190 |         if ((cti)->__contains__((c)->__add__(o))) {
      |                                              ^
      |                                              |
      |                                              __shedskin__::__ss_int {aka int}
In file included from /usr/lib/python2.7/site-packages/shedskin/lib/builtin.hpp:1207,
                 from /home/dundee/workspace/benchmarksgame/bencher/tmp/meteor/tmp/shed.cpp:1:
/usr/lib/python2.7/site-packages/shedskin/lib/builtin/list.hpp:258:54: note:   initializing argument 1 of ‘__shedskin__::list<T>* __shedskin__::list<T>::__add__(__shedskin__::list<T>*) [with T = __shedskin__::list<int>*]’
  258 | template<class T> list<T> *list<T>::__add__(list<T> *b) {
      |                                             ~~~~~~~~~^
/home/dundee/workspace/benchmarksgame/bencher/tmp/meteor/tmp/shed.cpp:191:29: error: ‘class __shedskin__::pyiter<__shedskin__::list<__shedskin__::list<int>*>*>’ has no member named ‘__getitem__’; did you mean ‘__iter__’?
  191 |             __result = cti->__getitem__((c)->__add__(o));
      |                             ^~~~~~~~~~~
      |                             __iter__
/home/dundee/workspace/benchmarksgame/bencher/tmp/meteor/tmp/shed.cpp:191:54: error: invalid conversion from ‘__shedskin__::__ss_int’ {aka ‘int’} to ‘__shedskin__::list<__shedskin__::list<int>*>*’ [-fpermissive]
  191 |             __result = cti->__getitem__((c)->__add__(o));
      |                                                      ^
      |                                                      |
      |                                                      __shedskin__::__ss_int {aka int}
In file included from /usr/lib/python2.7/site-packages/shedskin/lib/builtin.hpp:1207,
                 from /home/dundee/workspace/benchmarksgame/bencher/tmp/meteor/tmp/shed.cpp:1:
/usr/lib/python2.7/site-packages/shedskin/lib/builtin/list.hpp:258:54: note:   initializing argument 1 of ‘__shedskin__::list<T>* __shedskin__::list<T>::__add__(__shedskin__::list<T>*) [with T = __shedskin__::list<int>*]’
  258 | template<class T> list<T> *list<T>::__add__(list<T> *b) {
      |                                             ~~~~~~~~~^
/home/dundee/workspace/benchmarksgame/bencher/tmp/meteor/tmp/shed.cpp: In function ‘__shedskin__::list<__shedskin__::list<__shedskin__::list<__shedskin__::set<__shedskin__::list<__shedskin__::list<int>*>*>*>*>*>* __shed__::get_footprints(__shedskin__::pyiter<__shedskin__::list<__shedskin__::list<int>*>*>*, __shedskin__::pyiter<__shedskin__::list<__shedskin__::list<int>*>*>*, __shedskin__::pyiter<__shedskin__::list<__shedskin__::list<int>*>*>*)’:
/home/dundee/workspace/benchmarksgame/bencher/tmp/meteor/tmp/shed.cpp:372:46: error: invalid conversion from ‘__shedskin__::set<__shedskin__::list<__shedskin__::list<int>*>*>::for_in_unit’ {aka ‘__shedskin__::list<__shedskin__::list<int>*>*’} to ‘__shedskin__::__ss_int’ {aka ‘int’} [-fpermissive]
  372 |                     ((fps->__getfast__(___min(1, 0, fp)))->__getfast__(pi))->append(fp);
      |                                        ~~~~~~^~~~~~~~~~
      |                                              |
      |                                              __shedskin__::set<__shedskin__::list<__shedskin__::list<int>*>*>::for_in_unit {aka __shedskin__::list<__shedskin__::list<int>*>*}
In file included from /usr/lib/python2.7/site-packages/shedskin/lib/builtin.hpp:1207,
                 from /home/dundee/workspace/benchmarksgame/bencher/tmp/meteor/tmp/shed.cpp:1:
/usr/lib/python2.7/site-packages/shedskin/lib/builtin/list.hpp:134:58: note:   initializing argument 1 of ‘T __shedskin__::list<T>::__getfast__(__shedskin__::__ss_int) [with T = __shedskin__::list<__shedskin__::list<__shedskin__::set<__shedskin__::list<__shedskin__::list<int>*>*>*>*>*; __shedskin__::__ss_int = int]’
  134 | template<class T> inline T list<T>::__getfast__(__ss_int i) {
      |                                                 ~~~~~~~~~^
/home/dundee/workspace/benchmarksgame/bencher/tmp/meteor/tmp/shed.cpp: In function ‘__shedskin__::list<__shedskin__::set<__shedskin__::list<__shedskin__::list<int>*>*>*>* __shed__::get_senh(__shedskin__::pyiter<__shedskin__::list<__shedskin__::list<int>*>*>*, __shedskin__::pyiter<__shedskin__::list<__shedskin__::list<int>*>*>*)’:
/home/dundee/workspace/benchmarksgame/bencher/tmp/meteor/tmp/shed.cpp:395:14: error: cannot convert ‘__shedskin__::list<__shedskin__::set<int>*>*’ to ‘__shedskin__::list<__shedskin__::set<__shedskin__::list<__shedskin__::list<int>*>*>*>*’ in assignment
  395 |     se_nh = (new list<set<__ss_int> *>());
      |             ~^~~~~~~~~~~~~~~~~~~~~~~~~~~~
      |              |
      |              __shedskin__::list<__shedskin__::set<int>*>*
/home/dundee/workspace/benchmarksgame/bencher/tmp/meteor/tmp/shed.cpp: In function ‘__shedskin__::tuple2<__shedskin__::pyiter<__shedskin__::list<__shedskin__::list<int>*>*>*, __shedskin__::pyiter<__shedskin__::list<__shedskin__::list<int>*>*>*>* __shed__::get_puzzle(__shedskin__::__ss_int, __shedskin__::__ss_int)’:
/home/dundee/workspace/benchmarksgame/bencher/tmp/meteor/tmp/shed.cpp:417:155: error: cannot convert ‘__shedskin__::tuple2<__shedskin__::pyiter<int>*, __shedskin__::pyiter<int>*>*’ to ‘__shedskin__::tuple2<__shedskin__::pyiter<__shedskin__::list<__shedskin__::list<int>*>*>*, __shedskin__::pyiter<__shedskin__::list<__shedskin__::list<int>*>*>*>*’ in return
  417 |     return (new tuple2<pyiter<__ss_int> *, pyiter<__ss_int> *>(3,((pyiter<__ss_int> *)(board)),((pyiter<__ss_int> *)(cti)),((pyiter<__ss_int> *)(pieces))));
      |                                                                                                                                                           ^
/home/dundee/workspace/benchmarksgame/bencher/tmp/meteor/tmp/shed.cpp: In function ‘void* __shed__::solve(__shedskin__::__ss_int, __shedskin__::__ss_int, __shedskin__::set<int>*, __shedskin__::list<int>*, __shedskin__::list<int>*, __shedskin__::list<__shedskin__::str*>*, __shedskin__::list<__shedskin__::list<__shedskin__::list<__shedskin__::set<__shedskin__::list<__shedskin__::list<int>*>*>*>*>*>*, __shedskin__::list<__shedskin__::set<__shedskin__::list<__shedskin__::list<int>*>*>*>*, __shed__::lambda3)’:
/home/dundee/workspace/benchmarksgame/bencher/tmp/meteor/tmp/shed.cpp:462:30: error: no matching function for call to ‘__le(__shedskin__::set<__shedskin__::list<__shedskin__::list<int>*>*>*&, __shedskin__::set<int>*&)’
  462 |             if (__le(fp, free)) {
      |                              ^
In file included from /usr/lib/python2.7/site-packages/shedskin/lib/builtin.hpp:950,
                 from /home/dundee/workspace/benchmarksgame/bencher/tmp/meteor/tmp/shed.cpp:1:
/usr/lib/python2.7/site-packages/shedskin/lib/builtin/compare.hpp:41:36: note: candidate: ‘template<class T> __shedskin__::__ss_bool __shedskin__::__le(T, T)’
   41 | template<class T> inline __ss_bool __le(T a, T b) { return a->__le__(b); }
      |                                    ^~~~
/usr/lib/python2.7/site-packages/shedskin/lib/builtin/compare.hpp:41:36: note:   template argument deduction/substitution failed:
/home/dundee/workspace/benchmarksgame/bencher/tmp/meteor/tmp/shed.cpp:462:30: note:   deduced conflicting types for parameter ‘T’ (‘__shedskin__::set<__shedskin__::list<__shedskin__::list<int>*>*>*’ and ‘__shedskin__::set<int>*’)
  462 |             if (__le(fp, free)) {
      |                              ^
/home/dundee/workspace/benchmarksgame/bencher/tmp/meteor/tmp/shed.cpp:466:47: error: invalid conversion from ‘__shedskin__::list<__shedskin__::list<int>*>*’ to ‘__shedskin__::__ss_int’ {aka ‘int’} [-fpermissive]
  466 |                     n_curr_board->__setitem__(ci, p);
      |                                               ^~
      |                                               |
      |                                               __shedskin__::list<__shedskin__::list<int>*>*
In file included from /usr/lib/python2.7/site-packages/shedskin/lib/builtin.hpp:1207,
                 from /home/dundee/workspace/benchmarksgame/bencher/tmp/meteor/tmp/shed.cpp:1:
/usr/lib/python2.7/site-packages/shedskin/lib/builtin/list.hpp:139:55: note:   initializing argument 1 of ‘void* __shedskin__::list<T>::__setitem__(__shedskin__::__ss_int, T) [with T = int; __shedskin__::__ss_int = int]’
  139 | template<class T> void *list<T>::__setitem__(__ss_int i, T e) {
      |                                              ~~~~~~~~~^
/home/dundee/workspace/benchmarksgame/bencher/tmp/meteor/tmp/shed.cpp:470:46: error: cannot convert ‘__shedskin__::set<__shedskin__::list<__shedskin__::list<int>*>*>*’ to ‘__shedskin__::set<int>*’
  470 |                     n_free = (free)->__sub__(fp);
      |                                              ^~
      |                                              |
      |                                              __shedskin__::set<__shedskin__::list<__shedskin__::list<int>*>*>*
In file included from /usr/lib/python2.7/site-packages/shedskin/lib/builtin.hpp:1212,
                 from /home/dundee/workspace/benchmarksgame/bencher/tmp/meteor/tmp/shed.cpp:1:
/usr/lib/python2.7/site-packages/shedskin/lib/builtin/set.hpp:664:51: note:   initializing argument 1 of ‘__shedskin__::set<T>* __shedskin__::set<T>::__sub__(__shedskin__::set<T>*) [with T = int]’
  664 | template<class T> set<T> *set<T>::__sub__(set<T> *s) {
      |                                           ~~~~~~~~^
/home/dundee/workspace/benchmarksgame/bencher/tmp/meteor/tmp/shed.cpp:472:67: error: cannot convert ‘__shedskin__::set<__shedskin__::list<__shedskin__::list<int>*>*>*’ to ‘__shedskin__::set<int>*’
  472 |                     if ((len(((n_free)->__and__(se_nh->__getfast__(n_i_min))))>0)) {
      |                                                 ~~~~~~~~~~~~~~~~~~^~~~~~~~~
      |                                                                   |
      |                                                                   __shedskin__::set<__shedskin__::list<__shedskin__::list<int>*>*>*
In file included from /usr/lib/python2.7/site-packages/shedskin/lib/builtin.hpp:1212,
                 from /home/dundee/workspace/benchmarksgame/bencher/tmp/meteor/tmp/shed.cpp:1:
/usr/lib/python2.7/site-packages/shedskin/lib/builtin/set.hpp:655:51: note:   initializing argument 1 of ‘__shedskin__::set<T>* __shedskin__::set<T>::__and__(__shedskin__::set<T>*) [with T = int]’
  655 | template<class T> set<T> *set<T>::__and__(set<T> *s) {
      |                                           ~~~~~~~~^
/home/dundee/workspace/benchmarksgame/bencher/tmp/meteor/tmp/shed.cpp:475:91: error: cannot convert ‘__shedskin__::list<__shedskin__::list<__shedskin__::list<__shedskin__::set<int>*>*>*>*’ to ‘__shedskin__::list<__shedskin__::list<__shedskin__::list<__shedskin__::set<__shedskin__::list<__shedskin__::list<int>*>*>*>*>*>*’
  475 |                         solve(n, n_i_min, n_free, n_curr_board, n_pieces_left, solutions, default_8, default_9, default_10);
      |                                                                                           ^~~~~~~~~
      |                                                                                           |
      |                                                                                           __shedskin__::list<__shedskin__::list<__shedskin__::list<__shedskin__::set<int>*>*>*>*
/home/dundee/workspace/benchmarksgame/bencher/tmp/meteor/tmp/shed.cpp:440:198: note:   initializing argument 7 of ‘void* __shed__::solve(__shedskin__::__ss_int, __shedskin__::__ss_int, __shedskin__::set<int>*, __shedskin__::list<int>*, __shedskin__::list<int>*, __shedskin__::list<__shedskin__::str*>*, __shedskin__::list<__shedskin__::list<__shedskin__::list<__shedskin__::set<__shedskin__::list<__shedskin__::list<int>*>*>*>*>*>*, __shedskin__::list<__shedskin__::set<__shedskin__::list<__shedskin__::list<int>*>*>*>*, __shed__::lambda3)’
  440 | void *solve(__ss_int n, __ss_int i_min, set<__ss_int> *free, list<__ss_int> *curr_board, list<__ss_int> *pieces_left, list<str *> *solutions, list<list<list<set<list<list<__ss_int> *> *> *> *> *> *fps, list<set<list<list<__ss_int> *> *> *> *se_nh, lambda3 bisect) {
      |                                                                                                                                               ~~~~~~~~~~~~~~~~~~~~~~~~~~~~~~~~~~~~~~~~~~~~~~~~~~~~~~~^~~
/home/dundee/workspace/benchmarksgame/bencher/tmp/meteor/tmp/shed.cpp: In function ‘void* __shed__::__ss_main(__shedskin__::__ss_int)’:
/home/dundee/workspace/benchmarksgame/bencher/tmp/meteor/tmp/shed.cpp:511:59: error: cannot convert ‘__shedskin__::list<__shedskin__::list<__shedskin__::list<__shedskin__::set<int>*>*>*>*’ to ‘__shedskin__::list<__shedskin__::list<__shedskin__::list<__shedskin__::set<__shedskin__::list<__shedskin__::list<int>*>*>*>*>*>*’
  511 |     solve(n, 0, free, curr_board, pieces_left, solutions, default_8, default_9, default_10);
      |                                                           ^~~~~~~~~
      |                                                           |
      |                                                           __shedskin__::list<__shedskin__::list<__shedskin__::list<__shedskin__::set<int>*>*>*>*
/home/dundee/workspace/benchmarksgame/bencher/tmp/meteor/tmp/shed.cpp:440:198: note:   initializing argument 7 of ‘void* __shed__::solve(__shedskin__::__ss_int, __shedskin__::__ss_int, __shedskin__::set<int>*, __shedskin__::list<int>*, __shedskin__::list<int>*, __shedskin__::list<__shedskin__::str*>*, __shedskin__::list<__shedskin__::list<__shedskin__::list<__shedskin__::set<__shedskin__::list<__shedskin__::list<int>*>*>*>*>*>*, __shedskin__::list<__shedskin__::set<__shedskin__::list<__shedskin__::list<int>*>*>*>*, __shed__::lambda3)’
  440 | void *solve(__ss_int n, __ss_int i_min, set<__ss_int> *free, list<__ss_int> *curr_board, list<__ss_int> *pieces_left, list<str *> *solutions, list<list<list<set<list<list<__ss_int> *> *> *> *> *> *fps, list<set<list<list<__ss_int> *> *> *> *se_nh, lambda3 bisect) {
      |                                                                                                                                               ~~~~~~~~~~~~~~~~~~~~~~~~~~~~~~~~~~~~~~~~~~~~~~~~~~~~~~~^~~
/home/dundee/workspace/benchmarksgame/bencher/tmp/meteor/tmp/shed.cpp: In function ‘void __shed__::__init()’:
/home/dundee/workspace/benchmarksgame/bencher/tmp/meteor/tmp/shed.cpp:556:17: error: cannot convert ‘__shedskin__::list<__shedskin__::list<__shedskin__::list<__shedskin__::set<__shedskin__::list<__shedskin__::list<int>*>*>*>*>*>*’ to ‘__shedskin__::list<__shedskin__::list<__shedskin__::list<__shedskin__::set<int>*>*>*>*’ in assignment
  556 |     default_8 = fps;
      |                 ^~~
      |                 |
      |                 __shedskin__::list<__shedskin__::list<__shedskin__::list<__shedskin__::set<__shedskin__::list<__shedskin__::list<int>*>*>*>*>*>*
/home/dundee/workspace/benchmarksgame/bencher/tmp/meteor/tmp/shed.cpp:557:17: error: cannot convert ‘__shedskin__::list<__shedskin__::set<__shedskin__::list<__shedskin__::list<int>*>*>*>*’ to ‘__shedskin__::list<__shedskin__::set<int>*>*’ in assignment
  557 |     default_9 = se_nh;
      |                 ^~~~~
      |                 |
      |                 __shedskin__::list<__shedskin__::set<__shedskin__::list<__shedskin__::list<int>*>*>*>*
/home/dundee/workspace/benchmarksgame/bencher/tmp/meteor/tmp/shed.cpp: In member function ‘virtual __shedskin__::list<__shedskin__::list<int>*>* __shed__::list_comp_4::__get_next()’:
/home/dundee/workspace/benchmarksgame/bencher/tmp/meteor/tmp/shed.cpp:175:22: warning: control reaches end of non-void function [-Wreturn-type]
  175 |     __stop_iteration = true;
      |     ~~~~~~~~~~~~~~~~~^~~~~~
/home/dundee/workspace/benchmarksgame/bencher/tmp/meteor/tmp/shed.cpp: In member function ‘virtual __shedskin__::list<__shedskin__::list<int>*>* __shed__::list_comp_5::__get_next()’:
/home/dundee/workspace/benchmarksgame/bencher/tmp/meteor/tmp/shed.cpp:197:22: warning: control reaches end of non-void function [-Wreturn-type]
  197 |     __stop_iteration = true;
      |     ~~~~~~~~~~~~~~~~~^~~~~~
/home/dundee/workspace/benchmarksgame/bencher/tmp/meteor/tmp/shed.cpp: In member function ‘virtual __shedskin__::tuple2<int, int>* __shed__::list_comp_7::__get_next()’:
/home/dundee/workspace/benchmarksgame/bencher/tmp/meteor/tmp/shed.cpp:230:22: warning: control reaches end of non-void function [-Wreturn-type]
  230 |     __stop_iteration = true;
      |     ~~~~~~~~~~~~~~~~~^~~~~~
/home/dundee/workspace/benchmarksgame/bencher/tmp/meteor/tmp/shed.cpp: In member function ‘virtual __shedskin__::list<__shedskin__::list<int>*>* __shed__::list_comp_8::__get_next()’:
/home/dundee/workspace/benchmarksgame/bencher/tmp/meteor/tmp/shed.cpp:248:22: warning: control reaches end of non-void function [-Wreturn-type]
  248 |     __stop_iteration = true;
      |     ~~~~~~~~~~~~~~~~~^~~~~~
In file included from /usr/lib/python2.7/site-packages/shedskin/lib/builtin.hpp:1216,
                 from /usr/lib/python2.7/site-packages/shedskin/lib/sys.hpp:6,
                 from /usr/lib/python2.7/site-packages/shedskin/lib/sys.cpp:3:
/usr/lib/python2.7/site-packages/shedskin/lib/builtin/complex.hpp: In member function ‘__shedskin__::complex& __shedskin__::complex::operator=(double)’:
/usr/lib/python2.7/site-packages/shedskin/lib/builtin/complex.hpp:72:1: warning: no return statement in function returning non-void [-Wreturn-type]
   71 |     imag = 0.0;
  +++ |+    return *this;
   72 | }
      | ^
/usr/lib/python2.7/site-packages/shedskin/lib/builtin/complex.hpp: In function ‘__shedskin__::__ss_int __shedskin__::__cmp(T, T) [with T = __shedskin__::complex; __shedskin__::__ss_int = int]’:
/usr/lib/python2.7/site-packages/shedskin/lib/builtin/complex.hpp:107:57: warning: no return statement in function returning non-void [-Wreturn-type]
  107 | template<> inline __ss_int __cmp(complex a, complex b) {} /* unused, satisfy templates */
      |                                                         ^
/usr/lib/python2.7/site-packages/shedskin/lib/builtin/complex.hpp: In function ‘__shedskin__::__ss_bool __shedskin__::__gt(T, T) [with T = __shedskin__::complex]’:
/usr/lib/python2.7/site-packages/shedskin/lib/builtin/complex.hpp:108:57: warning: no return statement in function returning non-void [-Wreturn-type]
  108 | template<> inline __ss_bool __gt(complex a, complex b) {}
      |                                                         ^
/usr/lib/python2.7/site-packages/shedskin/lib/builtin/complex.hpp: In function ‘__shedskin__::__ss_bool __shedskin__::__ge(T, T) [with T = __shedskin__::complex]’:
/usr/lib/python2.7/site-packages/shedskin/lib/builtin/complex.hpp:109:57: warning: no return statement in function returning non-void [-Wreturn-type]
  109 | template<> inline __ss_bool __ge(complex a, complex b) {}
      |                                                         ^
/usr/lib/python2.7/site-packages/shedskin/lib/builtin/complex.hpp: In function ‘__shedskin__::__ss_bool __shedskin__::__lt(T, T) [with T = __shedskin__::complex]’:
/usr/lib/python2.7/site-packages/shedskin/lib/builtin/complex.hpp:110:57: warning: no return statement in function returning non-void [-Wreturn-type]
  110 | template<> inline __ss_bool __lt(complex a, complex b) {}
      |                                                         ^
/usr/lib/python2.7/site-packages/shedskin/lib/builtin/complex.hpp: In function ‘__shedskin__::__ss_bool __shedskin__::__le(T, T) [with T = __shedskin__::complex]’:
/usr/lib/python2.7/site-packages/shedskin/lib/builtin/complex.hpp:111:57: warning: no return statement in function returning non-void [-Wreturn-type]
  111 | template<> inline __ss_bool __le(complex a, complex b) {}
      |                                                         ^
In file included from /usr/lib/python2.7/site-packages/shedskin/lib/builtin.hpp:1216,
                 from /usr/lib/python2.7/site-packages/shedskin/lib/re.hpp:9,
                 from /usr/lib/python2.7/site-packages/shedskin/lib/re.cpp:3:
/usr/lib/python2.7/site-packages/shedskin/lib/builtin/complex.hpp: In member function ‘__shedskin__::complex& __shedskin__::complex::operator=(double)’:
/usr/lib/python2.7/site-packages/shedskin/lib/builtin/complex.hpp:72:1: warning: no return statement in function returning non-void [-Wreturn-type]
   71 |     imag = 0.0;
  +++ |+    return *this;
   72 | }
      | ^
/usr/lib/python2.7/site-packages/shedskin/lib/builtin/complex.hpp: In function ‘__shedskin__::__ss_int __shedskin__::__cmp(T, T) [with T = __shedskin__::complex; __shedskin__::__ss_int = int]’:
/usr/lib/python2.7/site-packages/shedskin/lib/builtin/complex.hpp:107:57: warning: no return statement in function returning non-void [-Wreturn-type]
  107 | template<> inline __ss_int __cmp(complex a, complex b) {} /* unused, satisfy templates */
      |                                                         ^
/usr/lib/python2.7/site-packages/shedskin/lib/builtin/complex.hpp: In function ‘__shedskin__::__ss_bool __shedskin__::__gt(T, T) [with T = __shedskin__::complex]’:
/usr/lib/python2.7/site-packages/shedskin/lib/builtin/complex.hpp:108:57: warning: no return statement in function returning non-void [-Wreturn-type]
  108 | template<> inline __ss_bool __gt(complex a, complex b) {}
      |                                                         ^
/usr/lib/python2.7/site-packages/shedskin/lib/builtin/complex.hpp: In function ‘__shedskin__::__ss_bool __shedskin__::__ge(T, T) [with T = __shedskin__::complex]’:
/usr/lib/python2.7/site-packages/shedskin/lib/builtin/complex.hpp:109:57: warning: no return statement in function returning non-void [-Wreturn-type]
  109 | template<> inline __ss_bool __ge(complex a, complex b) {}
      |                                                         ^
/usr/lib/python2.7/site-packages/shedskin/lib/builtin/complex.hpp: In function ‘__shedskin__::__ss_bool __shedskin__::__lt(T, T) [with T = __shedskin__::complex]’:
/usr/lib/python2.7/site-packages/shedskin/lib/builtin/complex.hpp:110:57: warning: no return statement in function returning non-void [-Wreturn-type]
  110 | template<> inline __ss_bool __lt(complex a, complex b) {}
      |                                                         ^
/usr/lib/python2.7/site-packages/shedskin/lib/builtin/complex.hpp: In function ‘__shedskin__::__ss_bool __shedskin__::__le(T, T) [with T = __shedskin__::complex]’:
/usr/lib/python2.7/site-packages/shedskin/lib/builtin/complex.hpp:111:57: warning: no return statement in function returning non-void [-Wreturn-type]
  111 | template<> inline __ss_bool __le(complex a, complex b) {}
      |                                                         ^
In file included from /usr/lib/python2.7/site-packages/shedskin/lib/builtin.hpp:1216,
                 from /usr/lib/python2.7/site-packages/shedskin/lib/builtin.cpp:3:
/usr/lib/python2.7/site-packages/shedskin/lib/builtin/complex.hpp: In member function ‘__shedskin__::complex& __shedskin__::complex::operator=(double)’:
/usr/lib/python2.7/site-packages/shedskin/lib/builtin/complex.hpp:72:1: warning: no return statement in function returning non-void [-Wreturn-type]
   71 |     imag = 0.0;
  +++ |+    return *this;
   72 | }
      | ^
/usr/lib/python2.7/site-packages/shedskin/lib/builtin/complex.hpp: In function ‘__shedskin__::__ss_int __shedskin__::__cmp(T, T) [with T = __shedskin__::complex; __shedskin__::__ss_int = int]’:
/usr/lib/python2.7/site-packages/shedskin/lib/builtin/complex.hpp:107:57: warning: no return statement in function returning non-void [-Wreturn-type]
  107 | template<> inline __ss_int __cmp(complex a, complex b) {} /* unused, satisfy templates */
      |                                                         ^
/usr/lib/python2.7/site-packages/shedskin/lib/builtin/complex.hpp: In function ‘__shedskin__::__ss_bool __shedskin__::__gt(T, T) [with T = __shedskin__::complex]’:
/usr/lib/python2.7/site-packages/shedskin/lib/builtin/complex.hpp:108:57: warning: no return statement in function returning non-void [-Wreturn-type]
  108 | template<> inline __ss_bool __gt(complex a, complex b) {}
      |                                                         ^
/usr/lib/python2.7/site-packages/shedskin/lib/builtin/complex.hpp: In function ‘__shedskin__::__ss_bool __shedskin__::__ge(T, T) [with T = __shedskin__::complex]’:
/usr/lib/python2.7/site-packages/shedskin/lib/builtin/complex.hpp:109:57: warning: no return statement in function returning non-void [-Wreturn-type]
  109 | template<> inline __ss_bool __ge(complex a, complex b) {}
      |                                                         ^
/usr/lib/python2.7/site-packages/shedskin/lib/builtin/complex.hpp: In function ‘__shedskin__::__ss_bool __shedskin__::__lt(T, T) [with T = __shedskin__::complex]’:
/usr/lib/python2.7/site-packages/shedskin/lib/builtin/complex.hpp:110:57: warning: no return statement in function returning non-void [-Wreturn-type]
  110 | template<> inline __ss_bool __lt(complex a, complex b) {}
      |                                                         ^
/usr/lib/python2.7/site-packages/shedskin/lib/builtin/complex.hpp: In function ‘__shedskin__::__ss_bool __shedskin__::__le(T, T) [with T = __shedskin__::complex]’:
/usr/lib/python2.7/site-packages/shedskin/lib/builtin/complex.hpp:111:57: warning: no return statement in function returning non-void [-Wreturn-type]
  111 | template<> inline __ss_bool __le(complex a, complex b) {}
      |                                                         ^
In file included from /usr/lib/python2.7/site-packages/shedskin/lib/builtin.hpp:1216,
                 from /usr/lib/python2.7/site-packages/shedskin/lib/bisect.hpp:6,
                 from /usr/lib/python2.7/site-packages/shedskin/lib/bisect.cpp:3:
/usr/lib/python2.7/site-packages/shedskin/lib/builtin/complex.hpp: In member function ‘__shedskin__::complex& __shedskin__::complex::operator=(double)’:
/usr/lib/python2.7/site-packages/shedskin/lib/builtin/complex.hpp:72:1: warning: no return statement in function returning non-void [-Wreturn-type]
   71 |     imag = 0.0;
  +++ |+    return *this;
   72 | }
      | ^
/usr/lib/python2.7/site-packages/shedskin/lib/builtin/complex.hpp: In function ‘__shedskin__::__ss_int __shedskin__::__cmp(T, T) [with T = __shedskin__::complex; __shedskin__::__ss_int = int]’:
/usr/lib/python2.7/site-packages/shedskin/lib/builtin/complex.hpp:107:57: warning: no return statement in function returning non-void [-Wreturn-type]
  107 | template<> inline __ss_int __cmp(complex a, complex b) {} /* unused, satisfy templates */
      |                                                         ^
/usr/lib/python2.7/site-packages/shedskin/lib/builtin/complex.hpp: In function ‘__shedskin__::__ss_bool __shedskin__::__gt(T, T) [with T = __shedskin__::complex]’:
/usr/lib/python2.7/site-packages/shedskin/lib/builtin/complex.hpp:108:57: warning: no return statement in function returning non-void [-Wreturn-type]
  108 | template<> inline __ss_bool __gt(complex a, complex b) {}
      |                                                         ^
/usr/lib/python2.7/site-packages/shedskin/lib/builtin/complex.hpp: In function ‘__shedskin__::__ss_bool __shedskin__::__ge(T, T) [with T = __shedskin__::complex]’:
/usr/lib/python2.7/site-packages/shedskin/lib/builtin/complex.hpp:109:57: warning: no return statement in function returning non-void [-Wreturn-type]
  109 | template<> inline __ss_bool __ge(complex a, complex b) {}
      |                                                         ^
/usr/lib/python2.7/site-packages/shedskin/lib/builtin/complex.hpp: In function ‘__shedskin__::__ss_bool __shedskin__::__lt(T, T) [with T = __shedskin__::complex]’:
/usr/lib/python2.7/site-packages/shedskin/lib/builtin/complex.hpp:110:57: warning: no return statement in function returning non-void [-Wreturn-type]
  110 | template<> inline __ss_bool __lt(complex a, complex b) {}
      |                                                         ^
/usr/lib/python2.7/site-packages/shedskin/lib/builtin/complex.hpp: In function ‘__shedskin__::__ss_bool __shedskin__::__le(T, T) [with T = __shedskin__::complex]’:
/usr/lib/python2.7/site-packages/shedskin/lib/builtin/complex.hpp:111:57: warning: no return statement in function returning non-void [-Wreturn-type]
  111 | template<> inline __ss_bool __le(complex a, complex b) {}
      |                                                         ^
make[2]: *** [Makefile:21: shed] Chyba 1
make[2]: Opouští se adresář „/home/dundee/workspace/benchmarksgame/bencher/tmp/meteor/tmp“
make[1]: *** [/home/dundee/workspace/benchmarksgame/bencher/makefiles/my.linux.Makefile:30: meteor.shedskin-3.shedskin_run] Chyba 2
make[1]: Opouští se adresář „/home/dundee/workspace/benchmarksgame/bencher/tmp/meteor/tmp“
22.75s to complete and log all make actions

COMMAND LINE:
 ./shed 2098

MAKE ERROR 

