
 Tue, 06 Oct 2020 16:58:10 GMT

MAKE:
make[1]: Vstupuje se do adresáře „/home/dundee/workspace/benchmarksgame/bencher/tmp/meteor/tmp“
cp meteor.shedskin shed.py
shedskin shed.py
*** SHED SKIN Python-to-C++ Compiler 0.9.4 ***
Copyright 2005-2011 Mark Dufour; License GNU GPL version 3 (See LICENSE)

[analyzing types..]

0% 
********************************100% 
********************************100% 
********************************100%
[generating c++ code..]
*WARNING* 'dict' instance containing function reference
*WARNING* shed.py: '__iter' instance containing function reference
*WARNING* shed.py: 'dict' instance containing function reference
*WARNING* shed.py: 'list' instance containing function reference
*WARNING* shed.py:16: 'dict' instance containing function reference
*WARNING* shed.py:57: 'dict' instance containing function reference
*WARNING* shed.py:57: 'list' instance containing function reference
*WARNING* shed.py:83: 'dict' instance containing function reference
[elapsed time: 3.00 seconds]
make
make[2]: Vstupuje se do adresáře „/home/dundee/workspace/benchmarksgame/bencher/tmp/meteor/tmp“
g++  -O2 -march=native -Wno-deprecated  -I. -I/usr/lib/python2.7/site-packages/shedskin/lib /home/dundee/workspace/benchmarksgame/bencher/tmp/meteor/tmp/shed.cpp /usr/lib/python2.7/site-packages/shedskin/lib/sys.cpp /usr/lib/python2.7/site-packages/shedskin/lib/re.cpp /usr/lib/python2.7/site-packages/shedskin/lib/builtin.cpp -lgc -lpcre  -o shed
In file included from /usr/lib/python2.7/site-packages/shedskin/lib/builtin.hpp:1216,
                 from /home/dundee/workspace/benchmarksgame/bencher/tmp/meteor/tmp/shed.cpp:1:
/usr/lib/python2.7/site-packages/shedskin/lib/builtin/complex.hpp: In member function ‘__shedskin__::complex& __shedskin__::complex::operator=(double)’:
/usr/lib/python2.7/site-packages/shedskin/lib/builtin/complex.hpp:72:1: warning: no return statement in function returning non-void [-Wreturn-type]
   71 |     imag = 0.0;
  +++ |+    return *this;
   72 | }
      | ^
/usr/lib/python2.7/site-packages/shedskin/lib/builtin/complex.hpp: In function ‘__shedskin__::__ss_int __shedskin__::__cmp(T, T) [with T = __shedskin__::complex; __shedskin__::__ss_int = int]’:
/usr/lib/python2.7/site-packages/shedskin/lib/builtin/complex.hpp:107:57: warning: no return statement in function returning non-void [-Wreturn-type]
  107 | template<> inline __ss_int __cmp(complex a, complex b) {} /* unused, satisfy templates */
      |                                                         ^
/usr/lib/python2.7/site-packages/shedskin/lib/builtin/complex.hpp: In function ‘__shedskin__::__ss_bool __shedskin__::__gt(T, T) [with T = __shedskin__::complex]’:
/usr/lib/python2.7/site-packages/shedskin/lib/builtin/complex.hpp:108:57: warning: no return statement in function returning non-void [-Wreturn-type]
  108 | template<> inline __ss_bool __gt(complex a, complex b) {}
      |                                                         ^
/usr/lib/python2.7/site-packages/shedskin/lib/builtin/complex.hpp: In function ‘__shedskin__::__ss_bool __shedskin__::__ge(T, T) [with T = __shedskin__::complex]’:
/usr/lib/python2.7/site-packages/shedskin/lib/builtin/complex.hpp:109:57: warning: no return statement in function returning non-void [-Wreturn-type]
  109 | template<> inline __ss_bool __ge(complex a, complex b) {}
      |                                                         ^
/usr/lib/python2.7/site-packages/shedskin/lib/builtin/complex.hpp: In function ‘__shedskin__::__ss_bool __shedskin__::__lt(T, T) [with T = __shedskin__::complex]’:
/usr/lib/python2.7/site-packages/shedskin/lib/builtin/complex.hpp:110:57: warning: no return statement in function returning non-void [-Wreturn-type]
  110 | template<> inline __ss_bool __lt(complex a, complex b) {}
      |                                                         ^
/usr/lib/python2.7/site-packages/shedskin/lib/builtin/complex.hpp: In function ‘__shedskin__::__ss_bool __shedskin__::__le(T, T) [with T = __shedskin__::complex]’:
/usr/lib/python2.7/site-packages/shedskin/lib/builtin/complex.hpp:111:57: warning: no return statement in function returning non-void [-Wreturn-type]
  111 | template<> inline __ss_bool __le(complex a, complex b) {}
      |                                                         ^
/home/dundee/workspace/benchmarksgame/bencher/tmp/meteor/tmp/shed.cpp: In function ‘__shedskin__::__ss_bool __shed__::__lambda8__(__shedskin__::__ss_int)’:
/home/dundee/workspace/benchmarksgame/bencher/tmp/meteor/tmp/shed.cpp:152:17: error: could not convert ‘__shedskin__::__sum<__shedskin__::list<__shedskin__::__ss_bool> >(__shed__::list_comp_1(mask))’ from ‘__shedskin__::__sumtype1<__shedskin__::__ss_bool>::type’ {aka ‘int’} to ‘__shedskin__::__ss_bool’
  152 |     return __sum(list_comp_1(mask));
      |            ~~~~~^~~~~~~~~~~~~~~~~~~
      |                 |
      |                 __shedskin__::__sumtype1<__shedskin__::__ss_bool>::type {aka int}
In file included from /home/dundee/workspace/benchmarksgame/bencher/tmp/meteor/tmp/shed.cpp:1:
/usr/lib/python2.7/site-packages/shedskin/lib/builtin.hpp: In instantiation of ‘__shedskin__::str* __shedskin__::repr(T) [with T = __shedskin__::tuple2<int, int>* (*)(int, int)]’:
/usr/lib/python2.7/site-packages/shedskin/lib/builtin/tuple.hpp:248:52:   required from ‘__shedskin__::str* __shedskin__::tuple2<A, B>::__repr__() [with A = __shedskin__::str*; B = __shedskin__::tuple2<int, int>* (*)(int, int)]’
/usr/lib/python2.7/site-packages/shedskin/lib/builtin/tuple.hpp:247:33:   required from here
/usr/lib/python2.7/site-packages/shedskin/lib/builtin.hpp:1035:78: error: request for member ‘__repr__’ in ‘* t’, which is of non-class type ‘__shedskin__::tuple2<int, int>*(int, int)’
 1035 | template<class T> str *repr(T t) { if (!t) return new str("None"); return t->__repr__(); }
      |                                                                           ~~~^~~~~~~~
In file included from /usr/lib/python2.7/site-packages/shedskin/lib/builtin.hpp:949,
                 from /home/dundee/workspace/benchmarksgame/bencher/tmp/meteor/tmp/shed.cpp:1:
/usr/lib/python2.7/site-packages/shedskin/lib/builtin/hash.hpp: In instantiation of ‘long int __shedskin__::hasher(T) [with T = __shedskin__::tuple2<int, int>* (*)(int, int)]’:
/usr/lib/python2.7/site-packages/shedskin/lib/builtin/tuple.hpp:243:40:   required from ‘long int __shedskin__::tuple2<A, B>::__hash__() [with A = __shedskin__::str*; B = __shedskin__::tuple2<int, int>* (*)(int, int)]’
/usr/lib/python2.7/site-packages/shedskin/lib/builtin/tuple.hpp:240:33:   required from here
/usr/lib/python2.7/site-packages/shedskin/lib/builtin/hash.hpp:11:15: error: request for member ‘__hash__’ in ‘* t’, which is of non-class type ‘__shedskin__::tuple2<int, int>*(int, int)’
   11 |     return t->__hash__();
      |            ~~~^~~~~~~~
In file included from /usr/lib/python2.7/site-packages/shedskin/lib/builtin.hpp:950,
                 from /home/dundee/workspace/benchmarksgame/bencher/tmp/meteor/tmp/shed.cpp:1:
/usr/lib/python2.7/site-packages/shedskin/lib/builtin/compare.hpp: In instantiation of ‘__shedskin__::__ss_int __shedskin__::__cmp(T, T) [with T = __shedskin__::tuple2<int, int>* (*)(int, int); __shedskin__::__ss_int = int]’:
/usr/lib/python2.7/site-packages/shedskin/lib/builtin/tuple.hpp:237:17:   required from ‘__shedskin__::__ss_int __shedskin__::tuple2<A, B>::__cmp__(__shedskin__::pyobj*) [with A = __shedskin__::str*; B = __shedskin__::tuple2<int, int>* (*)(int, int); __shedskin__::__ss_int = int]’
/usr/lib/python2.7/site-packages/shedskin/lib/builtin/tuple.hpp:233:37:   required from here
/usr/lib/python2.7/site-packages/shedskin/lib/builtin/compare.hpp:88:15: error: request for member ‘__cmp__’ in ‘* a’, which is of non-class type ‘__shedskin__::tuple2<int, int>*(int, int)’
   88 |     return a->__cmp__(b);
      |            ~~~^~~~~~~
/usr/lib/python2.7/site-packages/shedskin/lib/builtin/compare.hpp: In instantiation of ‘__shedskin__::__ss_bool __shedskin__::__eq(T, T) [with T = __shedskin__::tuple2<int, int>* (*)(int, int)]’:
/usr/lib/python2.7/site-packages/shedskin/lib/builtin/tuple.hpp:230:57:   required from ‘__shedskin__::__ss_bool __shedskin__::tuple2<A, B>::__eq__(__shedskin__::pyobj*) [with A = __shedskin__::str*; B = __shedskin__::tuple2<int, int>* (*)(int, int)]’
/usr/lib/python2.7/site-packages/shedskin/lib/builtin/tuple.hpp:228:38:   required from here
/usr/lib/python2.7/site-packages/shedskin/lib/builtin/compare.hpp:6:72: error: request for member ‘__eq__’ in ‘* a’, which is of non-class type ‘__shedskin__::tuple2<int, int>*(int, int)’
    6 | template<class T> inline __ss_bool __eq(T a, T b) { return ((a&&b)?(a->__eq__(b)):__mbool(a==b)); }
      |                                                                     ~~~^~~~~~
In file included from /home/dundee/workspace/benchmarksgame/bencher/tmp/meteor/tmp/shed.cpp:1:
/usr/lib/python2.7/site-packages/shedskin/lib/builtin.hpp: In instantiation of ‘T __shedskin__::__deepcopy(T, __shedskin__::dict<void*, __shedskin__::pyobj*>*) [with T = __shedskin__::tuple2<int, int>* (*)(int, int)]’:
/usr/lib/python2.7/site-packages/shedskin/lib/builtin/tuple.hpp:259:27:   required from ‘__shedskin__::tuple2<K, V>* __shedskin__::tuple2<A, B>::__deepcopy__(__shedskin__::dict<void*, __shedskin__::pyobj*>*) [with A = __shedskin__::str*; B = __shedskin__::tuple2<int, int>* (*)(int, int)]’
/usr/lib/python2.7/site-packages/shedskin/lib/builtin/tuple.hpp:255:41:   required from here
/usr/lib/python2.7/site-packages/shedskin/lib/builtin.hpp:1180:25: error: invalid conversion from ‘__shedskin__::tuple2<int, int>* (*)(int, int)’ to ‘void*’ [-fpermissive]
 1180 |     T u = (T)(memo->get(t, 0));
      |                         ^
      |                         |
      |                         __shedskin__::tuple2<int, int>* (*)(int, int)
In file included from /home/dundee/workspace/benchmarksgame/bencher/tmp/meteor/tmp/shed.cpp:1:
/usr/lib/python2.7/site-packages/shedskin/lib/builtin.hpp:479:13: note:   initializing argument 1 of ‘V __shedskin__::dict<K, V>::get(K, V) [with K = void*; V = __shedskin__::pyobj*]’
  479 |     V get(K k, V v);
      |           ~~^
In file included from /home/dundee/workspace/benchmarksgame/bencher/tmp/meteor/tmp/shed.cpp:1:
/usr/lib/python2.7/site-packages/shedskin/lib/builtin.hpp:1184:19: error: request for member ‘__deepcopy__’ in ‘* t’, which is of non-class type ‘__shedskin__::tuple2<int, int>*(int, int)’
 1184 |     return (T)(t->__deepcopy__(memo));
      |                ~~~^~~~~~~~~~~~
In file included from /usr/lib/python2.7/site-packages/shedskin/lib/builtin.hpp:1216,
                 from /usr/lib/python2.7/site-packages/shedskin/lib/sys.hpp:6,
                 from /usr/lib/python2.7/site-packages/shedskin/lib/sys.cpp:3:
/usr/lib/python2.7/site-packages/shedskin/lib/builtin/complex.hpp: In member function ‘__shedskin__::complex& __shedskin__::complex::operator=(double)’:
/usr/lib/python2.7/site-packages/shedskin/lib/builtin/complex.hpp:72:1: warning: no return statement in function returning non-void [-Wreturn-type]
   71 |     imag = 0.0;
  +++ |+    return *this;
   72 | }
      | ^
/usr/lib/python2.7/site-packages/shedskin/lib/builtin/complex.hpp: In function ‘__shedskin__::__ss_int __shedskin__::__cmp(T, T) [with T = __shedskin__::complex; __shedskin__::__ss_int = int]’:
/usr/lib/python2.7/site-packages/shedskin/lib/builtin/complex.hpp:107:57: warning: no return statement in function returning non-void [-Wreturn-type]
  107 | template<> inline __ss_int __cmp(complex a, complex b) {} /* unused, satisfy templates */
      |                                                         ^
/usr/lib/python2.7/site-packages/shedskin/lib/builtin/complex.hpp: In function ‘__shedskin__::__ss_bool __shedskin__::__gt(T, T) [with T = __shedskin__::complex]’:
/usr/lib/python2.7/site-packages/shedskin/lib/builtin/complex.hpp:108:57: warning: no return statement in function returning non-void [-Wreturn-type]
  108 | template<> inline __ss_bool __gt(complex a, complex b) {}
      |                                                         ^
/usr/lib/python2.7/site-packages/shedskin/lib/builtin/complex.hpp: In function ‘__shedskin__::__ss_bool __shedskin__::__ge(T, T) [with T = __shedskin__::complex]’:
/usr/lib/python2.7/site-packages/shedskin/lib/builtin/complex.hpp:109:57: warning: no return statement in function returning non-void [-Wreturn-type]
  109 | template<> inline __ss_bool __ge(complex a, complex b) {}
      |                                                         ^
/usr/lib/python2.7/site-packages/shedskin/lib/builtin/complex.hpp: In function ‘__shedskin__::__ss_bool __shedskin__::__lt(T, T) [with T = __shedskin__::complex]’:
/usr/lib/python2.7/site-packages/shedskin/lib/builtin/complex.hpp:110:57: warning: no return statement in function returning non-void [-Wreturn-type]
  110 | template<> inline __ss_bool __lt(complex a, complex b) {}
      |                                                         ^
/usr/lib/python2.7/site-packages/shedskin/lib/builtin/complex.hpp: In function ‘__shedskin__::__ss_bool __shedskin__::__le(T, T) [with T = __shedskin__::complex]’:
/usr/lib/python2.7/site-packages/shedskin/lib/builtin/complex.hpp:111:57: warning: no return statement in function returning non-void [-Wreturn-type]
  111 | template<> inline __ss_bool __le(complex a, complex b) {}
      |                                                         ^
In file included from /usr/lib/python2.7/site-packages/shedskin/lib/builtin.hpp:1216,
                 from /usr/lib/python2.7/site-packages/shedskin/lib/re.hpp:9,
                 from /usr/lib/python2.7/site-packages/shedskin/lib/re.cpp:3:
/usr/lib/python2.7/site-packages/shedskin/lib/builtin/complex.hpp: In member function ‘__shedskin__::complex& __shedskin__::complex::operator=(double)’:
/usr/lib/python2.7/site-packages/shedskin/lib/builtin/complex.hpp:72:1: warning: no return statement in function returning non-void [-Wreturn-type]
   71 |     imag = 0.0;
  +++ |+    return *this;
   72 | }
      | ^
/usr/lib/python2.7/site-packages/shedskin/lib/builtin/complex.hpp: In function ‘__shedskin__::__ss_int __shedskin__::__cmp(T, T) [with T = __shedskin__::complex; __shedskin__::__ss_int = int]’:
/usr/lib/python2.7/site-packages/shedskin/lib/builtin/complex.hpp:107:57: warning: no return statement in function returning non-void [-Wreturn-type]
  107 | template<> inline __ss_int __cmp(complex a, complex b) {} /* unused, satisfy templates */
      |                                                         ^
/usr/lib/python2.7/site-packages/shedskin/lib/builtin/complex.hpp: In function ‘__shedskin__::__ss_bool __shedskin__::__gt(T, T) [with T = __shedskin__::complex]’:
/usr/lib/python2.7/site-packages/shedskin/lib/builtin/complex.hpp:108:57: warning: no return statement in function returning non-void [-Wreturn-type]
  108 | template<> inline __ss_bool __gt(complex a, complex b) {}
      |                                                         ^
/usr/lib/python2.7/site-packages/shedskin/lib/builtin/complex.hpp: In function ‘__shedskin__::__ss_bool __shedskin__::__ge(T, T) [with T = __shedskin__::complex]’:
/usr/lib/python2.7/site-packages/shedskin/lib/builtin/complex.hpp:109:57: warning: no return statement in function returning non-void [-Wreturn-type]
  109 | template<> inline __ss_bool __ge(complex a, complex b) {}
      |                                                         ^
/usr/lib/python2.7/site-packages/shedskin/lib/builtin/complex.hpp: In function ‘__shedskin__::__ss_bool __shedskin__::__lt(T, T) [with T = __shedskin__::complex]’:
/usr/lib/python2.7/site-packages/shedskin/lib/builtin/complex.hpp:110:57: warning: no return statement in function returning non-void [-Wreturn-type]
  110 | template<> inline __ss_bool __lt(complex a, complex b) {}
      |                                                         ^
/usr/lib/python2.7/site-packages/shedskin/lib/builtin/complex.hpp: In function ‘__shedskin__::__ss_bool __shedskin__::__le(T, T) [with T = __shedskin__::complex]’:
/usr/lib/python2.7/site-packages/shedskin/lib/builtin/complex.hpp:111:57: warning: no return statement in function returning non-void [-Wreturn-type]
  111 | template<> inline __ss_bool __le(complex a, complex b) {}
      |                                                         ^
In file included from /usr/lib/python2.7/site-packages/shedskin/lib/builtin.hpp:1216,
                 from /usr/lib/python2.7/site-packages/shedskin/lib/builtin.cpp:3:
/usr/lib/python2.7/site-packages/shedskin/lib/builtin/complex.hpp: In member function ‘__shedskin__::complex& __shedskin__::complex::operator=(double)’:
/usr/lib/python2.7/site-packages/shedskin/lib/builtin/complex.hpp:72:1: warning: no return statement in function returning non-void [-Wreturn-type]
   71 |     imag = 0.0;
  +++ |+    return *this;
   72 | }
      | ^
/usr/lib/python2.7/site-packages/shedskin/lib/builtin/complex.hpp: In function ‘__shedskin__::__ss_int __shedskin__::__cmp(T, T) [with T = __shedskin__::complex; __shedskin__::__ss_int = int]’:
/usr/lib/python2.7/site-packages/shedskin/lib/builtin/complex.hpp:107:57: warning: no return statement in function returning non-void [-Wreturn-type]
  107 | template<> inline __ss_int __cmp(complex a, complex b) {} /* unused, satisfy templates */
      |                                                         ^
/usr/lib/python2.7/site-packages/shedskin/lib/builtin/complex.hpp: In function ‘__shedskin__::__ss_bool __shedskin__::__gt(T, T) [with T = __shedskin__::complex]’:
/usr/lib/python2.7/site-packages/shedskin/lib/builtin/complex.hpp:108:57: warning: no return statement in function returning non-void [-Wreturn-type]
  108 | template<> inline __ss_bool __gt(complex a, complex b) {}
      |                                                         ^
/usr/lib/python2.7/site-packages/shedskin/lib/builtin/complex.hpp: In function ‘__shedskin__::__ss_bool __shedskin__::__ge(T, T) [with T = __shedskin__::complex]’:
/usr/lib/python2.7/site-packages/shedskin/lib/builtin/complex.hpp:109:57: warning: no return statement in function returning non-void [-Wreturn-type]
  109 | template<> inline __ss_bool __ge(complex a, complex b) {}
      |                                                         ^
/usr/lib/python2.7/site-packages/shedskin/lib/builtin/complex.hpp: In function ‘__shedskin__::__ss_bool __shedskin__::__lt(T, T) [with T = __shedskin__::complex]’:
/usr/lib/python2.7/site-packages/shedskin/lib/builtin/complex.hpp:110:57: warning: no return statement in function returning non-void [-Wreturn-type]
  110 | template<> inline __ss_bool __lt(complex a, complex b) {}
      |                                                         ^
/usr/lib/python2.7/site-packages/shedskin/lib/builtin/complex.hpp: In function ‘__shedskin__::__ss_bool __shedskin__::__le(T, T) [with T = __shedskin__::complex]’:
/usr/lib/python2.7/site-packages/shedskin/lib/builtin/complex.hpp:111:57: warning: no return statement in function returning non-void [-Wreturn-type]
  111 | template<> inline __ss_bool __le(complex a, complex b) {}
      |                                                         ^
make[2]: *** [Makefile:19: shed] Chyba 1
make[2]: Opouští se adresář „/home/dundee/workspace/benchmarksgame/bencher/tmp/meteor/tmp“
make[1]: *** [/home/dundee/workspace/benchmarksgame/bencher/makefiles/my.linux.Makefile:30: meteor.shedskin_run] Chyba 2
make[1]: Opouští se adresář „/home/dundee/workspace/benchmarksgame/bencher/tmp/meteor/tmp“
11.84s to complete and log all make actions

COMMAND LINE:
 ./shed 2098

MAKE ERROR 

