
 Mon, 25 Jan 2021 21:34:22 GMT

COMMAND LINE:
 /usr/bin/pyston pidigits.pyston-4.pyston 10000

PROGRAM FAILED 


PROGRAM OUTPUT:

Traceback (most recent call last):
  File "pidigits.pyston-4.pyston", line 8, in <module>
    import gmpy2 as gmpy
ModuleNotFoundError: No module named 'gmpy2'

During handling of the above exception, another exception occurred:

Traceback (most recent call last):
  File "pidigits.pyston-4.pyston", line 10, in <module>
    import gmpy_cffi as gmpy
ModuleNotFoundError: No module named 'gmpy_cffi'
