
 Tue, 07 Dec 2021 18:23:02 GMT

COMMAND LINE:
 /usr/lib/jvm/java-8-graalvm/bin/graalpython pidigits.graal-5.graal 10000

PROGRAM FAILED 


PROGRAM OUTPUT:

Traceback (most recent call last):
  File "/home/dundee/work/pybenchmarks/bencher/programs/pidigits/pidigits.python3-5.python3", line 10, in <module 'pidigits.python3-5.python3'>
    from gmpy2 import xmpz, f_divmod
ModuleNotFoundError: No module named 'gmpy2'

During handling of the above exception, another exception occurred:

Traceback (most recent call last):
  File "/home/dundee/work/pybenchmarks/bencher/programs/pidigits/pidigits.python3-5.python3", line 12, in <module 'pidigits.python3-5.python3'>
    from gmpy_cffi import mpz as xmpz
ModuleNotFoundError: No module named 'gmpy_cffi'
