
Mon, 29 Apr 2019 21:47:24 GMT

COMMAND LINE:
/usr/bin/python3.8 pidigits.python-dev-4.python-dev 10000

PROGRAM FAILED 


PROGRAM OUTPUT:

Traceback (most recent call last):
  File "pidigits.python-dev-4.python-dev", line 8, in <module>
    import gmpy2
ModuleNotFoundError: No module named 'gmpy2'

During handling of the above exception, another exception occurred:

Traceback (most recent call last):
  File "pidigits.python-dev-4.python-dev", line 10, in <module>
    import gmpy_cffi as gmpy2
ModuleNotFoundError: No module named 'gmpy_cffi'
