
 Wed, 28 Sep 2022 09:30:24 GMT

COMMAND LINE:
 /usr/bin/pyston pidigits.pyston-3.pyston 10000

PROGRAM FAILED 


PROGRAM OUTPUT:

Traceback (most recent call last):
  File "pidigits.pyston-3.pyston", line 11, in <module>
    from gmpy2 import mpz
ModuleNotFoundError: No module named 'gmpy2'

During handling of the above exception, another exception occurred:

Traceback (most recent call last):
  File "pidigits.pyston-3.pyston", line 13, in <module>
    from gmpy_cffi import mpz
ModuleNotFoundError: No module named 'gmpy_cffi'
