
 Mon, 25 Jan 2021 21:35:20 GMT

COMMAND LINE:
 /usr/lib/jvm/java-8-graalvm/bin/graalpython pidigits.graal-2.graal 10000

PROGRAM FAILED 


PROGRAM OUTPUT:

Traceback (most recent call last):
  File "/home/dundee/work/pybenchmarks/bencher/programs/pidigits/pidigits.python3-2.python3", line 8, in <module 'pidigits.python3-2.python3'>
    from gmpy2 import mpz
ModuleNotFoundError: No module named 'gmpy2'

During handling of the above exception, another exception occurred:

Traceback (most recent call last):
  File "/home/dundee/work/pybenchmarks/bencher/programs/pidigits/pidigits.python3-2.python3", line 10, in <module 'pidigits.python3-2.python3'>
    from gmpy_cffi import mpz
ModuleNotFoundError: No module named 'gmpy_cffi'
