
Wed, 22 Jan 2020 19:00:31 GMT

COMMAND LINE:
/usr/bin/pypy3 pidigits.pypy3-2.pypy3 10000

PROGRAM FAILED 


PROGRAM OUTPUT:

Traceback (most recent call last):
  File "pidigits.pypy3-2.pypy3", line 8, in <module>
    from gmpy2 import mpz
ModuleNotFoundError: No module named 'gmpy2'

During handling of the above exception, another exception occurred:

Traceback (most recent call last):
  File "pidigits.pypy3-2.pypy3", line 10, in <module>
    from gmpy_cffi import mpz
  File "/opt/pypy3/site-packages/gmpy_cffi/__init__.py", line 1, in <module>
    from .mpz import mpz
  File "/opt/pypy3/site-packages/gmpy_cffi/mpz.py", line 4, in <module>
    from gmpy_cffi.interface import gmp, ffi
  File "/opt/pypy3/site-packages/gmpy_cffi/interface.py", line 503, in <module>
    """, libraries=['gmp', 'mpfr', 'mpc'])
  File "/opt/pypy3/lib_pypy/cffi/api.py", line 464, in verify
    lib = self.verifier.load_library()
  File "/opt/pypy3/lib_pypy/cffi/verifier.py", line 103, in load_library
    self._write_source()
  File "/opt/pypy3/lib_pypy/cffi/verifier.py", line 192, in _write_source
    with open(self.sourcefilename, "w") as fp:
PermissionError: [Errno 13] Permission denied: '/opt/pypy3/site-packages/gmpy_cffi/__pycache__/_cffi__g6db01356x9cbb9358.c'
