
 Thu, 06 May 2021 22:44:06 GMT

COMMAND LINE:
 /usr/lib/jvm/java-8-graalvm/bin/graalpython pidigits.graal-4.graal 10000

PROGRAM FAILED 


PROGRAM OUTPUT:

Traceback (most recent call last):
  File "/home/dundee/work/pybenchmarks/bencher/programs/pidigits/pidigits.python3-4.python3", line 8, in <module 'pidigits.python3-4.python3'>
    import gmpy2
ModuleNotFoundError: No module named 'gmpy2'

During handling of the above exception, another exception occurred:

Traceback (most recent call last):
  File "/home/dundee/work/pybenchmarks/bencher/programs/pidigits/pidigits.python3-4.python3", line 10, in <module 'pidigits.python3-4.python3'>
    import gmpy_cffi as gmpy2
ModuleNotFoundError: No module named 'gmpy_cffi'
