
 Fri, 30 Oct 2020 20:16:45 GMT

MAKE:
make[1]: Vstupuje se do adresáře „/home/dundee/work/pybenchmarks/bencher/tmp/pidigits/tmp“
nuitka3 --remove-output pidigits.nuitka-5.nuitka
cp pidigits.nuitka-5.nuitka.bin pidigits.nuitka-5.nuitka_run
make[1]: Opouští se adresář „/home/dundee/work/pybenchmarks/bencher/tmp/pidigits/tmp“
6.20s to complete and log all make actions

COMMAND LINE:
 ./pidigits.nuitka-5.nuitka_run 10000

PROGRAM FAILED 


PROGRAM OUTPUT:

Traceback (most recent call last):
  File "/home/dundee/work/pybenchmarks/bencher/tmp/pidigits/tmp/pidigits.nuitka-5.nuitka", line 10, in <module>
    from gmpy2 import xmpz, f_divmod
ModuleNotFoundError: No module named 'gmpy2'

During handling of the above exception, another exception occurred:

Traceback (most recent call last):
  File "/home/dundee/work/pybenchmarks/bencher/tmp/pidigits/tmp/pidigits.nuitka-5.nuitka", line 12, in <module>
    from gmpy_cffi import mpz as xmpz
ModuleNotFoundError: No module named 'gmpy_cffi'
