
 Thu, 06 May 2021 22:44:40 GMT

COMMAND LINE:
 /usr/bin/pypy3 pidigits.pypy3-4.pypy3 10000

PROGRAM FAILED 


PROGRAM OUTPUT:

Traceback (most recent call last):
  File "pidigits.pypy3-4.pypy3", line 8, in <module>
    import gmpy2
ModuleNotFoundError: No module named 'gmpy2'

During handling of the above exception, another exception occurred:

Traceback (most recent call last):
  File "pidigits.pypy3-4.pypy3", line 10, in <module>
    import gmpy_cffi as gmpy2
ModuleNotFoundError: No module named 'gmpy_cffi'
