
 Tue, 07 Dec 2021 18:22:27 GMT

COMMAND LINE:
 /usr/bin/pypy3 pidigits.pypy3-5.pypy3 10000

PROGRAM FAILED 


PROGRAM OUTPUT:

Traceback (most recent call last):
  File "pidigits.pypy3-5.pypy3", line 10, in <module>
    from gmpy2 import xmpz, f_divmod
ModuleNotFoundError: No module named 'gmpy2'

During handling of the above exception, another exception occurred:

Traceback (most recent call last):
  File "pidigits.pypy3-5.pypy3", line 12, in <module>
    from gmpy_cffi import mpz as xmpz
ModuleNotFoundError: No module named 'gmpy_cffi'
