
 Wed, 28 Sep 2022 09:30:10 GMT

COMMAND LINE:
 /usr/bin/rustpython pidigits.rustpython-4.rustpython 10000

PROGRAM FAILED 


PROGRAM OUTPUT:

encodings initialization failed. Only utf-8 encoding will be supported.
ModuleNotFoundError: No module named 'encodings'

The above exception was the direct cause of the following exception:

RuntimeError: Could not import encodings. Is your RUSTPYTHONPATH set? If you don't have access to a consistent external environment (e.g. if you're embedding rustpython in another application), try enabling the freeze-stdlib feature
Traceback (most recent call last):
  File "pidigits.rustpython-4.rustpython", line 8, in <module>
    import gmpy2
ModuleNotFoundError: No module named 'gmpy2'

During handling of the above exception, another exception occurred:

Traceback (most recent call last):
  File "pidigits.rustpython-4.rustpython", line 10, in <module>
    import gmpy_cffi as gmpy2
ModuleNotFoundError: No module named 'gmpy_cffi'
