
 Fri, 30 Oct 2020 20:16:26 GMT

MAKE:
make[1]: Vstupuje se do adresáře „/home/dundee/work/pybenchmarks/bencher/tmp/pidigits/tmp“
nuitka3 --remove-output pidigits.nuitka-4.nuitka
cp pidigits.nuitka-4.nuitka.bin pidigits.nuitka-4.nuitka_run
make[1]: Opouští se adresář „/home/dundee/work/pybenchmarks/bencher/tmp/pidigits/tmp“
6.19s to complete and log all make actions

COMMAND LINE:
 ./pidigits.nuitka-4.nuitka_run 10000

PROGRAM FAILED 


PROGRAM OUTPUT:

Traceback (most recent call last):
  File "/home/dundee/work/pybenchmarks/bencher/tmp/pidigits/tmp/pidigits.nuitka-4.nuitka", line 8, in <module>
    import gmpy2
ModuleNotFoundError: No module named 'gmpy2'

During handling of the above exception, another exception occurred:

Traceback (most recent call last):
  File "/home/dundee/work/pybenchmarks/bencher/tmp/pidigits/tmp/pidigits.nuitka-4.nuitka", line 10, in <module>
    import gmpy_cffi as gmpy2
ModuleNotFoundError: No module named 'gmpy_cffi'
