
Fri, 02 Oct 2015 11:22:08 GMT

MAKE:
make[1]: Vstupuje se do adresáře „/home/dundee/workspace/benchmarksgame/bencher/tmp/pidigits/tmp“
nuitka --remove-output --improved pidigits.nuitka-4.nuitka
Nuitka:WARNING:pidigits.nuitka-4.nuitka:8: Cannot find 'gmpy2' as absolute import.
Nuitka:WARNING:pidigits.nuitka-4.nuitka:10: Cannot find 'gmpy_cffi' as absolute import.
cp pidigits.nuitka-4.nuitka.exe pidigits.nuitka-4.nuitka_run
make[1]: Opouští se adresář „/home/dundee/workspace/benchmarksgame/bencher/tmp/pidigits/tmp“
2.58s to complete and log all make actions

COMMAND LINE:
./pidigits.nuitka-4.nuitka_run 2000

PROGRAM FAILED 


PROGRAM OUTPUT:

Traceback (most recent call last):
  File "/home/dundee/workspace/benchmarksgame/bencher/tmp/pidigits/tmp/pidigits.nuitka-4.nuitka", line 8, in <module>
    import gmpy2
ImportError: No module named 'gmpy2'

During handling of the above exception, another exception occurred:

Traceback (most recent call last):
  File "/home/dundee/workspace/benchmarksgame/bencher/tmp/pidigits/tmp/pidigits.nuitka-4.nuitka", line 10, in <module>
    import gmpy_cffi as gmpy2
ImportError: No module named 'gmpy_cffi'
