
 Wed, 28 Sep 2022 09:28:41 GMT

COMMAND LINE:
 /usr/bin/rustpython pidigits.rustpython-3.rustpython 10000

PROGRAM FAILED 


PROGRAM OUTPUT:

encodings initialization failed. Only utf-8 encoding will be supported.
ModuleNotFoundError: No module named 'encodings'

The above exception was the direct cause of the following exception:

RuntimeError: Could not import encodings. Is your RUSTPYTHONPATH set? If you don't have access to a consistent external environment (e.g. if you're embedding rustpython in another application), try enabling the freeze-stdlib feature
Traceback (most recent call last):
  File "pidigits.rustpython-3.rustpython", line 11, in <module>
    from gmpy2 import mpz
ModuleNotFoundError: No module named 'gmpy2'

During handling of the above exception, another exception occurred:

Traceback (most recent call last):
  File "pidigits.rustpython-3.rustpython", line 13, in <module>
    from gmpy_cffi import mpz
ModuleNotFoundError: No module named 'gmpy_cffi'
