
 Fri, 09 Sep 2022 06:05:38 GMT

COMMAND LINE:
 /usr/bin/pypy3 pidigits.pypy3-2.pypy3 10000

PROGRAM FAILED 


PROGRAM OUTPUT:

Traceback (most recent call last):
  File "pidigits.pypy3-2.pypy3", line 8, in <module>
    from gmpy2 import mpz
ModuleNotFoundError: No module named 'gmpy2'

During handling of the above exception, another exception occurred:

Traceback (most recent call last):
  File "pidigits.pypy3-2.pypy3", line 10, in <module>
    from gmpy_cffi import mpz
ModuleNotFoundError: No module named 'gmpy_cffi'
