
 Fri, 30 Oct 2020 20:17:49 GMT

COMMAND LINE:
 /usr/bin/rustpython pidigits.rustpython-2.rustpython 10000

PROGRAM FAILED 


PROGRAM OUTPUT:

Traceback (most recent call last):
  File "pidigits.rustpython-2.rustpython", line 8, in <module>
    from gmpy2 import mpz
ModuleNotFoundError: No module named 'gmpy2'

During handling of the above exception, another exception occurred:

Traceback (most recent call last):
  File "pidigits.rustpython-2.rustpython", line 10, in <module>
    from gmpy_cffi import mpz
ModuleNotFoundError: No module named 'gmpy_cffi'
