
Thu, 13 Jul 2017 13:06:05 GMT

COMMAND LINE:
/opt/anaconda/bin/python pystone.numba 50000

PROGRAM FAILED 


PROGRAM OUTPUT:

Traceback (most recent call last):
  File "pystone.numba", line 282, in <module>
    main(loops)
  File "pystone.numba", line 63, in main
    benchtime, stones = pystones(loops)
  File "pystone.numba", line 69, in pystones
    return Proc0(loops)
  File "pystone.numba", line 108, in Proc0
    Proc5()
  File "/opt/anaconda/lib/python3.6/site-packages/numba/dispatcher.py", line 307, in _compile_for_args
    return self.compile(tuple(argtypes))
  File "/opt/anaconda/lib/python3.6/site-packages/numba/dispatcher.py", line 579, in compile
    cres = self._compiler.compile(args, return_type)
  File "/opt/anaconda/lib/python3.6/site-packages/numba/dispatcher.py", line 80, in compile
    flags=flags, locals=self.locals)
  File "/opt/anaconda/lib/python3.6/site-packages/numba/compiler.py", line 740, in compile_extra
    return pipeline.compile_extra(func)
  File "/opt/anaconda/lib/python3.6/site-packages/numba/compiler.py", line 360, in compile_extra
    return self._compile_bytecode()
  File "/opt/anaconda/lib/python3.6/site-packages/numba/compiler.py", line 699, in _compile_bytecode
    return self._compile_core()
  File "/opt/anaconda/lib/python3.6/site-packages/numba/compiler.py", line 686, in _compile_core
    res = pm.run(self.status)
  File "/opt/anaconda/lib/python3.6/site-packages/numba/compiler.py", line 246, in run
    raise patched_exception
  File "/opt/anaconda/lib/python3.6/site-packages/numba/compiler.py", line 238, in run
    stage()
  File "/opt/anaconda/lib/python3.6/site-packages/numba/compiler.py", line 374, in stage_analyze_bytecode
    func_ir = translate_stage(self.func_id, self.bc)
  File "/opt/anaconda/lib/python3.6/site-packages/numba/compiler.py", line 803, in translate_stage
    return interp.interpret(bytecode)
  File "/opt/anaconda/lib/python3.6/site-packages/numba/interpreter.py", line 98, in interpret
    self.dfa.run()
  File "/opt/anaconda/lib/python3.6/site-packages/numba/dataflow.py", line 28, in run
    self.infos[blk.offset] = self.run_on_block(blk)
  File "/opt/anaconda/lib/python3.6/site-packages/numba/dataflow.py", line 78, in run_on_block
    self.dispatch(info, inst)
  File "/opt/anaconda/lib/python3.6/site-packages/numba/dataflow.py", line 88, in dispatch
    fn(info, inst)
  File "/opt/anaconda/lib/python3.6/site-packages/numba/dataflow.py", line 93, in handle_unknown_opcode
    self.bytecode.func_id.filename))
NotImplementedError: Failed at object (analyzing bytecode)
Use of unknown opcode STORE_GLOBAL at line 191 of pystone.numba
