
Tue, 24 Oct 2017 09:29:02 GMT

MAKE:
make[1]: Vstupuje se do adresáře „/home/dundee/workspace/benchmarksgame/bencher/tmp/regexdna/tmp“
nuitka --remove-output --improved regexdna.nuitka-5.nuitka
cp regexdna.nuitka-5.nuitka.exe regexdna.nuitka-5.nuitka_run
make[1]: Opouští se adresář „/home/dundee/workspace/benchmarksgame/bencher/tmp/regexdna/tmp“
3.76s to complete and log all make actions

COMMAND LINE:
./regexdna.nuitka-5.nuitka_run 0 < regexdna-input10000.txt

PROGRAM FAILED 


PROGRAM OUTPUT:

Traceback (most recent call last):
  File "/home/dundee/workspace/benchmarksgame/bencher/tmp/regexdna/tmp/regexdna.nuitka-5.nuitka", line 42, in <module>
    main()
  File "/home/dundee/workspace/benchmarksgame/bencher/tmp/regexdna/tmp/regexdna.nuitka-5.nuitka", line 29, in main
    write(f + b' ' +bytes(str(len(findall(f, seq))),encoding='latin1') + b'\n')
TypeError: bytes() takes no keyword arguments
