
Wed, 17 Jun 2015 17:49:11 GMT

COMMAND LINE:
/usr/bin/pyston revcomp.pyston-3.pyston 0 < revcomp-input1000.txt

PROGRAM FAILED 


PROGRAM OUTPUT:

Traceback (most recent call last):
  File "revcomp.pyston-3.pyston", line 25, in :
    print(line, end='')
SyntaxError: Expected `)`
