
Tue, 12 Feb 2019 12:32:01 GMT

MAKE:
make[1]: Vstupuje se do adresáře „/home/dundee/workspace/benchmarksgame/bencher/tmp/spectralnorm/tmp“
cp spectralnorm.cython-5.cython `echo spectralnorm.cython-5.cython | sed 's/cython-..//' | sed 's/.cython//'`.pyx
cythonize -3 -bi `echo spectralnorm.cython-5.cython | sed 's/cython-..//' | sed 's/.cython//'`.pyx

Error compiling Cython file:
------------------------------------------------------------
...
    cdef int i, j, u_j, partial_sum

    (i, u) = xxx_todo_changeme
    partial_sum = 0
    for j, u_j in enumerate(u):
        partial_sum += eval_A(i, j) * u_j
       ^
------------------------------------------------------------

spectralnorm.pyx:42:8: Cannot assign type 'float' to 'int'

Error compiling Cython file:
------------------------------------------------------------
...
    cdef int i, j, u_j, partial_sum

    (i, u) = xxx_todo_changeme1
    partial_sum = 0
    for j, u_j in enumerate(u):
        partial_sum += eval_A(j, i) * u_j
       ^
------------------------------------------------------------

spectralnorm.pyx:52:8: Cannot assign type 'float' to 'int'
Compiling /home/dundee/workspace/benchmarksgame/bencher/tmp/spectralnorm/tmp/spectralnorm.pyx because it changed.
[1/1] Cythonizing /home/dundee/workspace/benchmarksgame/bencher/tmp/spectralnorm/tmp/spectralnorm.pyx
Traceback (most recent call last):
  File "/usr/bin/cythonize", line 11, in <module>
    load_entry_point('Cython==0.29.5', 'console_scripts', 'cythonize')()
  File "/usr/lib/python3.7/site-packages/Cython/Build/Cythonize.py", line 223, in main
    cython_compile(path, options)
  File "/usr/lib/python3.7/site-packages/Cython/Build/Cythonize.py", line 106, in cython_compile
    **options.options)
  File "/usr/lib/python3.7/site-packages/Cython/Build/Dependencies.py", line 1097, in cythonize
    cythonize_one(*args)
  File "/usr/lib/python3.7/site-packages/Cython/Build/Dependencies.py", line 1220, in cythonize_one
    raise CompileError(None, pyx_file)
Cython.Compiler.Errors.CompileError: /home/dundee/workspace/benchmarksgame/bencher/tmp/spectralnorm/tmp/spectralnorm.pyx
make[1]: *** [/home/dundee/workspace/benchmarksgame/bencher/makefiles/my.linux.Makefile:21: spectralnorm.cython-5.cython_run] Chyba 1
make[1]: Opouští se adresář „/home/dundee/workspace/benchmarksgame/bencher/tmp/spectralnorm/tmp“
0.50s to complete and log all make actions

COMMAND LINE:
/usr/bin/python3 -c "import spectralnorm" 550

PROGRAM FAILED 


PROGRAM OUTPUT:

Traceback (most recent call last):
  File "<string>", line 1, in <module>
ModuleNotFoundError: No module named 'spectralnorm'
