
 Sun, 23 Apr 2023 09:40:17 GMT

MAKE:
make[1]: Vstupuje se do adresáře „/home/dundee/work/pybenchmarks/bencher/tmp/spectralnorm/tmp“
cp spectralnorm.cython-2.cython `echo spectralnorm.cython-2.cython | sed 's/cython-..//' | sed 's/.cython//'`.pyx
cythonize -3 -bi `echo spectralnorm.cython-2.cython | sed 's/cython-..//' | sed 's/.cython//'`.pyx
Compiling /home/dundee/work/pybenchmarks/bencher/tmp/spectralnorm/tmp/spectralnorm.pyx because it changed.
[1/1] Cythonizing /home/dundee/work/pybenchmarks/bencher/tmp/spectralnorm/tmp/spectralnorm.pyx
make[1]: Opouští se adresář „/home/dundee/work/pybenchmarks/bencher/tmp/spectralnorm/tmp“
1.97s to complete and log all make actions

COMMAND LINE:
 /usr/bin/python3 -c "import spectralnorm" 550

PROGRAM FAILED 


PROGRAM OUTPUT:

Traceback (most recent call last):
  File "/usr/lib/python3.10/site-packages/numpy/linalg/linalg.py", line 616, in matrix_power
    n = operator.index(n)
TypeError: 'float' object cannot be interpreted as an integer

The above exception was the direct cause of the following exception:

Traceback (most recent call last):
  File "<string>", line 1, in <module>
  File "spectralnorm.pyx", line 25, in init spectralnorm
    spectralnorm(int(argv[1]))
  File "spectralnorm.pyx", line 23, in spectralnorm.spectralnorm
    print("%0.9f" % (sum(u*v.T)/sum(v*v.T))**0.5)
  File "/usr/lib/python3.10/site-packages/numpy/matrixlib/defmatrix.py", line 231, in __pow__
    return matrix_power(self, other)
  File "<__array_function__ internals>", line 200, in matrix_power
  File "/usr/lib/python3.10/site-packages/numpy/linalg/linalg.py", line 618, in matrix_power
    raise TypeError("exponent must be an integer") from e
TypeError: exponent must be an integer
