
Mon, 30 Nov 2015 16:53:36 GMT

COMMAND LINE:
/opt/anaconda/bin/python spectralnorm.numba-2.numba 50

PROGRAM FAILED 


PROGRAM OUTPUT:

Traceback (most recent call last):
  File "spectralnorm.numba-2.numba", line 27, in <module>
    spectralnorm(int(argv[1]))
  File "/opt/anaconda/lib/python3.5/site-packages/numba/dispatcher.py", line 172, in _compile_for_args
    return self.compile(sig)
  File "/opt/anaconda/lib/python3.5/site-packages/numba/dispatcher.py", line 350, in compile
    flags=flags, locals=self.locals)
  File "/opt/anaconda/lib/python3.5/site-packages/numba/compiler.py", line 644, in compile_extra
    return pipeline.compile_extra(func)
  File "/opt/anaconda/lib/python3.5/site-packages/numba/compiler.py", line 359, in compile_extra
    raise e
  File "/opt/anaconda/lib/python3.5/site-packages/numba/compiler.py", line 354, in compile_extra
    bc = self.extract_bytecode(func)
  File "/opt/anaconda/lib/python3.5/site-packages/numba/compiler.py", line 346, in extract_bytecode
    bc = bytecode.ByteCode(func=self.func)
  File "/opt/anaconda/lib/python3.5/site-packages/numba/bytecode.py", line 348, in __init__
    raise NotImplementedError("cell vars are not supported")
NotImplementedError: cell vars are not supported
