
Fri, 25 Oct 2019 13:49:36 GMT

COMMAND LINE:
/usr/bin/rustpython templates.rustpython 1000

PROGRAM FAILED 


PROGRAM OUTPUT:
Traceback (most recent call last):
  File "templates.rustpython", line 3, in <module>
    from jinja2 import Template
ModuleNotFoundError: No module named 'jinja2'
