
Wed, 30 Oct 2019 18:16:38 GMT

COMMAND LINE:
/usr/bin/graalpython templates.graal 1000

PROGRAM FAILED 


PROGRAM OUTPUT:

Please note: This Python implementation is in the very early stages, and can run little more than basic benchmarks at this point.
Traceback (most recent call last):
  File "/home/dundee/workspace/benchmarksgame/bencher/programs/templates/templates.python3", line 3, in <module 'templates.python3'>
    from jinja2 import Template
ModuleNotFoundError: No module named 'jinja2'
