
Tue, 09 Jul 2019 18:56:44 GMT

COMMAND LINE:
/usr/bin/python3.9 templates.python-dev 1000

PROGRAM FAILED 


PROGRAM OUTPUT:

Traceback (most recent call last):
  File "/home/dundee/workspace/benchmarksgame/bencher/tmp/templates/tmp/templates.python-dev", line 3, in <module>
    from jinja2 import Template
ModuleNotFoundError: No module named 'jinja2'
