
Mon, 12 Nov 2018 12:15:32 GMT

COMMAND LINE:
/usr/bin/python3 threadring.python3 5000000

PROGRAM FAILED 


PROGRAM OUTPUT:
181

Traceback (most recent call last):
  File "threadring.python3", line 22, in worker
    raise StopIteration
StopIteration

The above exception was the direct cause of the following exception:

Traceback (most recent call last):
  File "threadring.python3", line 34, in <module>
    main()
  File "threadring.python3", line 30, in main
    n = send(n)
RuntimeError: generator raised StopIteration
