
Mon, 20 Aug 2018 10:17:45 GMT

COMMAND LINE:
/usr/bin/graalpython threadring.graal-3.graal 5000000

PROGRAM FAILED 


PROGRAM OUTPUT:

Please note: This Python implementation is in the very early stages, and can run little more than basic benchmarks at this point.
Error in sys.excepthook:

Traceback (most recent call last):
  File "_bootstrap.py", line 1066, in __import__
  File "_bootstrap.py", line 985, in _gcd_import
  File "_bootstrap.py", line 968, in _find_and_load
  File "_bootstrap.py", line 957, in _find_and_load_unlocked
  File "_bootstrap.py", line 662, in _load_unlocked
  File "_bootstrap_external.py", line 687, in _LoaderBasics.exec_module
  File "_bootstrap.py", line 206, in _call_with_frames_removed
  File "functions", line 112, in exec
  File "/usr/lib/jvm/java-8-graal/jre/languages/python/lib-python/3/traceback.py", line 3, in <module>
  File "_bootstrap.py", line 1066, in __import__
  File "_bootstrap.py", line 985, in _gcd_import
  File "_bootstrap.py", line 968, in _find_and_load
  File "_bootstrap.py", line 957, in _find_and_load_unlocked
  File "_bootstrap.py", line 662, in _load_unlocked
  File "_bootstrap_external.py", line 682, in _LoaderBasics.exec_module
  File "_bootstrap_external.py", line 789, in SourceLoader.get_code
  File "_bootstrap_external.py", line 841, in FileLoader.get_data
  File "_io", line 345, in FileIO.__init__
OSError: /usr/lib/jvm/java-8-graal/jre/languages/python/lib-python/3/collections/__init__.py

Original exception was:

Traceback (most recent call last):
  File "threadring.graal-3.graal", line 12, in <module>
AttributeError: 'module' object has no attribute cycle
