
 Sun, 20 Nov 2022 12:48:06 GMT

COMMAND LINE:
 /usr/bin/python3 threadring.python3-3.python3 5000000

PROGRAM FAILED 


PROGRAM OUTPUT:
181

Traceback (most recent call last):
  File "/home/dundee/work/pybenchmarks/bencher/tmp/threadring/tmp/threadring.python3-3.python3", line 22, in worker
    raise StopIteration
StopIteration

The above exception was the direct cause of the following exception:

Traceback (most recent call last):
  File "/home/dundee/work/pybenchmarks/bencher/tmp/threadring/tmp/threadring.python3-3.python3", line 34, in <module>
    main()
  File "/home/dundee/work/pybenchmarks/bencher/tmp/threadring/tmp/threadring.python3-3.python3", line 30, in main
    n = send(n)
RuntimeError: generator raised StopIteration
