
Mon, 14 Jan 2013 18:53:58 GMT

MAKE:
mv revcomp.scala-4.scala revcomp.scala
/usr/local/src/scala-2.10.0/bin/scalac revcomp.scala
revcomp.scala:15: error: value toLowerCase is not a member of Char
    table(i.toLowerCase) = o.toByte
            ^
one error found
make: [revcomp.scala-4.scala_run] Error 1 (ignored)
3.49s to complete and log all make actions

COMMAND LINE:
env JAVA_OPTS=-Xmx512m /usr/local/src/jdk1.7.0_10/bin/java -server -XX:+TieredCompilation -XX:+AggressiveOpts  -Xbootclasspath/a:/usr/local/src/scala-2.10.0/lib/scala-library.jar:/usr/local/src/scala-2.10.0/lib/akka-actors.jar:/usr/local/src/scala-2.10.0/lib/typesafe-config.jar revcomp 0 < revcomp-input250000.txt

PROGRAM FAILED 


PROGRAM OUTPUT:

Error: Could not find or load main class revcomp
