
Fri, 01 Feb 2013 00:48:07 GMT

MAKE:
/usr/bin/g++ -c -pipe -O3 -fomit-frame-pointer -march=native  -pthread -flax-vector-conversions fannkuchredux.c++ -o fannkuchredux.c++.o &&  \
        /usr/bin/g++ fannkuchredux.c++.o -o fannkuchredux.gpp_run -lpthread -lboost_thread 
In file included from /usr/include/c++/4.7/future:35:0,
                 from fannkuchredux.c++:10:
/usr/include/c++/4.7/bits/c++0x_warning.h:32:2: error: #error This file requires compiler and library support for the ISO C++ 2011 standard. This support is currently experimental, and must be enabled with the -std=c++11 or -std=gnu++11 compiler options.
fannkuchredux.c++: In constructor ‘Perm::Perm(unsigned int)’:
fannkuchredux.c++:40:3: warning: extended initializer lists only available with -std=c++11 or -std=gnu++11 [enabled by default]
fannkuchredux.c++: In member function ‘Perm::P Perm::get(int)’:
fannkuchredux.c++:53:53: warning: lambda expressions only available with -std=c++11 or -std=gnu++11 [enabled by default]
fannkuchredux.c++:53:54: error: no matching function for call to ‘generate(int_t [16], int_t*, Perm::get(int)::<lambda()>)’
fannkuchredux.c++:53:54: note: candidate is:
In file included from /usr/include/c++/4.7/algorithm:63:0,
                 from fannkuchredux.c++:9:
/usr/include/c++/4.7/bits/stl_algo.h:5073:5: note: template<class _FIter, class _Generator> void std::generate(_FIter, _FIter, _Generator)
fannkuchredux.c++:53:54: error: template argument for ‘template<class _FIter, class _Generator> void std::generate(_FIter, _FIter, _Generator)’ uses local type ‘Perm::get(int)::<lambda()>’
fannkuchredux.c++:53:54: error:   trying to instantiate ‘template<class _FIter, class _Generator> void std::generate(_FIter, _FIter, _Generator)’
fannkuchredux.c++: In function ‘Result fannkuch(int)’:
fannkuchredux.c++:108:4: error: ‘future’ is not a member of ‘std’
fannkuchredux.c++:108:22: error: expected primary-expression before ‘>’ token
fannkuchredux.c++:108:24: error: ‘ft’ was not declared in this scope
fannkuchredux.c++:115:15: error: ‘async’ is not a member of ‘std’
fannkuchredux.c++:115:31: error: ‘std::launch’ has not been declared
fannkuchredux.c++:119:12: error: ‘r’ does not name a type
fannkuchredux.c++:120:23: error: ‘r’ was not declared in this scope
make: [fannkuchredux.gpp_run] Error 1 (ignored)
rm fannkuchredux.c++
0.16s to complete and log all make actions

COMMAND LINE:
./fannkuchredux.gpp_run 10

MAKE ERROR 

