
Tue, 17 Sep 2013 21:41:09 GMT

MAKE:
mv knucleotide.scala knucleotide.scala
mv: ‘knucleotide.scala’ and ‘knucleotide.scala’ are the same file
make: [knucleotide.scala_run] Error 1 (ignored)
/usr/local/src/scala-2.10.2/bin/scalac -optimise -target:jvm-1.7 knucleotide.scala
warning: there were 3 feature warning(s); re-run with -feature for details
one warning found
9.15s to complete and log all make actions

COMMAND LINE:
env JAVA_OPTS=-Xmx3G /usr/local/src/jdk1.7.0_40/bin/java -server -XX:+TieredCompilation -XX:+AggressiveOpts  -Xbootclasspath/a:/usr/local/src/scala-2.10.2/lib/scala-library.jar:/usr/local/src/scala-2.10.2/lib/akka-actors.jar:/usr/local/src/scala-2.10.2/lib/typesafe-config.jar knucleotide 0 < knucleotide-input250000.txt

PROGRAM FAILED 


PROGRAM OUTPUT:

Exception in thread "main" java.lang.NoClassDefFoundError: scala/actors/Futures$
	at knucleotide$$anonfun$knucleotide$$queueBuildHashtable$1.apply(knucleotide.scala:74)
	at knucleotide$$anonfun$knucleotide$$queueBuildHashtable$1.apply(knucleotide.scala:74)
	at scala.collection.TraversableLike$$anonfun$map$1.apply(TraversableLike.scala:244)
	at scala.collection.TraversableLike$$anonfun$map$1.apply(TraversableLike.scala:244)
	at scala.collection.immutable.Range.foreach(Range.scala:141)
	at scala.collection.TraversableLike$class.map(TraversableLike.scala:244)
	at scala.collection.AbstractTraversable.map(Traversable.scala:105)
	at knucleotide$.knucleotide$$queueBuildHashtable(knucleotide.scala:74)
	at knucleotide$$anonfun$2.apply(knucleotide.scala:26)
	at knucleotide$$anonfun$2.apply(knucleotide.scala:26)
	at scala.collection.TraversableLike$$anonfun$map$1.apply(TraversableLike.scala:244)
	at scala.collection.TraversableLike$$anonfun$map$1.apply(TraversableLike.scala:244)
	at scala.collection.immutable.List.foreach(List.scala:318)
	at scala.collection.TraversableLike$class.map(TraversableLike.scala:244)
	at scala.collection.AbstractTraversable.map(Traversable.scala:105)
	at knucleotide$.main(knucleotide.scala:26)
	at knucleotide.main(knucleotide.scala)
Caused by: java.lang.ClassNotFoundException: scala.actors.Futures$
	at java.net.URLClassLoader$1.run(URLClassLoader.java:366)
	at java.net.URLClassLoader$1.run(URLClassLoader.java:355)
	at java.security.AccessController.doPrivileged(Native Method)
	at java.net.URLClassLoader.findClass(URLClassLoader.java:354)
	at java.lang.ClassLoader.loadClass(ClassLoader.java:424)
	at sun.misc.Launcher$AppClassLoader.loadClass(Launcher.java:308)
	at java.lang.ClassLoader.loadClass(ClassLoader.java:357)
	... 17 more
